{"/Users/thomas/Development/Kinvey/SDKs/JavaScript/packages/js-sdk/src/acl.ts":{"path":"/Users/thomas/Development/Kinvey/SDKs/JavaScript/packages/js-sdk/src/acl.ts","statementMap":{"0":{"start":{"line":1,"column":0},"end":{"line":1,"column":49}},"1":{"start":{"line":2,"column":0},"end":{"line":2,"column":39}},"2":{"start":{"line":16,"column":0},"end":{"line":16,"column":13}},"3":{"start":{"line":20,"column":4},"end":{"line":22,"column":null}},"4":{"start":{"line":21,"column":6},"end":{"line":21,"column":54}},"5":{"start":{"line":24,"column":4},"end":{"line":24,"column":38}},"6":{"start":{"line":27,"column":2},"end":{"line":29,"column":null}},"7":{"start":{"line":28,"column":4},"end":{"line":28,"column":28}},"8":{"start":{"line":31,"column":2},"end":{"line":37,"column":null}},"9":{"start":{"line":32,"column":20},"end":{"line":32,"column":22}},"10":{"start":{"line":33,"column":4},"end":{"line":35,"column":null}},"11":{"start":{"line":34,"column":6},"end":{"line":34,"column":40}},"12":{"start":{"line":36,"column":4},"end":{"line":36,"column":19}},"13":{"start":{"line":39,"column":2},"end":{"line":45,"column":null}},"14":{"start":{"line":40,"column":20},"end":{"line":40,"column":22}},"15":{"start":{"line":41,"column":4},"end":{"line":43,"column":null}},"16":{"start":{"line":42,"column":6},"end":{"line":42,"column":40}},"17":{"start":{"line":44,"column":4},"end":{"line":44,"column":19}},"18":{"start":{"line":47,"column":2},"end":{"line":53,"column":null}},"19":{"start":{"line":48,"column":25},"end":{"line":48,"column":27}},"20":{"start":{"line":49,"column":4},"end":{"line":51,"column":null}},"21":{"start":{"line":50,"column":6},"end":{"line":50,"column":52}},"22":{"start":{"line":52,"column":4},"end":{"line":52,"column":24}},"23":{"start":{"line":55,"column":2},"end":{"line":61,"column":null}},"24":{"start":{"line":56,"column":25},"end":{"line":56,"column":27}},"25":{"start":{"line":57,"column":4},"end":{"line":59,"column":null}},"26":{"start":{"line":58,"column":6},"end":{"line":58,"column":52}},"27":{"start":{"line":60,"column":4},"end":{"line":60,"column":24}},"28":{"start":{"line":63,"column":2},"end":{"line":65,"column":null}},"29":{"start":{"line":64,"column":4},"end":{"line":64,"column":30}},"30":{"start":{"line":67,"column":2},"end":{"line":69,"column":null}},"31":{"start":{"line":68,"column":4},"end":{"line":68,"column":30}},"32":{"start":{"line":71,"column":2},"end":{"line":78,"column":null}},"33":{"start":{"line":72,"column":12},"end":{"line":72,"column":19}},"34":{"start":{"line":73,"column":4},"end":{"line":75,"column":null}},"35":{"start":{"line":74,"column":6},"end":{"line":74,"column":27}},"36":{"start":{"line":76,"column":4},"end":{"line":76,"column":25}},"37":{"start":{"line":77,"column":4},"end":{"line":77,"column":16}},"38":{"start":{"line":80,"column":2},"end":{"line":86,"column":null}},"39":{"start":{"line":81,"column":12},"end":{"line":81,"column":19}},"40":{"start":{"line":82,"column":18},"end":{"line":82,"column":41}},"41":{"start":{"line":83,"column":4},"end":{"line":83,"column":29}},"42":{"start":{"line":84,"column":4},"end":{"line":84,"column":25}},"43":{"start":{"line":85,"column":4},"end":{"line":85,"column":16}},"44":{"start":{"line":88,"column":2},"end":{"line":95,"column":null}},"45":{"start":{"line":89,"column":12},"end":{"line":89,"column":19}},"46":{"start":{"line":90,"column":4},"end":{"line":92,"column":null}},"47":{"start":{"line":91,"column":6},"end":{"line":91,"column":27}},"48":{"start":{"line":93,"column":4},"end":{"line":93,"column":25}},"49":{"start":{"line":94,"column":4},"end":{"line":94,"column":16}},"50":{"start":{"line":97,"column":2},"end":{"line":103,"column":null}},"51":{"start":{"line":98,"column":12},"end":{"line":98,"column":19}},"52":{"start":{"line":99,"column":18},"end":{"line":99,"column":41}},"53":{"start":{"line":100,"column":4},"end":{"line":100,"column":29}},"54":{"start":{"line":101,"column":4},"end":{"line":101,"column":25}},"55":{"start":{"line":102,"column":4},"end":{"line":102,"column":16}},"56":{"start":{"line":105,"column":2},"end":{"line":112,"column":null}},"57":{"start":{"line":106,"column":12},"end":{"line":106,"column":24}},"58":{"start":{"line":107,"column":4},"end":{"line":109,"column":null}},"59":{"start":{"line":108,"column":6},"end":{"line":108,"column":32}},"60":{"start":{"line":110,"column":4},"end":{"line":110,"column":78}},"61":{"start":{"line":111,"column":4},"end":{"line":111,"column":16}},"62":{"start":{"line":114,"column":2},"end":{"line":120,"column":null}},"63":{"start":{"line":115,"column":12},"end":{"line":115,"column":24}},"64":{"start":{"line":116,"column":18},"end":{"line":116,"column":46}},"65":{"start":{"line":117,"column":4},"end":{"line":117,"column":34}},"66":{"start":{"line":118,"column":4},"end":{"line":118,"column":78}},"67":{"start":{"line":119,"column":4},"end":{"line":119,"column":16}},"68":{"start":{"line":122,"column":2},"end":{"line":129,"column":null}},"69":{"start":{"line":123,"column":12},"end":{"line":123,"column":24}},"70":{"start":{"line":124,"column":4},"end":{"line":126,"column":null}},"71":{"start":{"line":125,"column":6},"end":{"line":125,"column":32}},"72":{"start":{"line":127,"column":4},"end":{"line":127,"column":78}},"73":{"start":{"line":128,"column":4},"end":{"line":128,"column":16}},"74":{"start":{"line":131,"column":2},"end":{"line":137,"column":null}},"75":{"start":{"line":132,"column":12},"end":{"line":132,"column":24}},"76":{"start":{"line":133,"column":18},"end":{"line":133,"column":46}},"77":{"start":{"line":134,"column":4},"end":{"line":134,"column":34}},"78":{"start":{"line":135,"column":4},"end":{"line":135,"column":78}},"79":{"start":{"line":136,"column":4},"end":{"line":136,"column":16}},"80":{"start":{"line":138,"column":0},"end":{"line":138,"column":null}},"81":{"start":{"line":16,"column":13},"end":{"line":16,"column":16}}},"fnMap":{"0":{"name":"(anonymous_1)","decl":{"start":{"line":16,"column":0},"end":{"line":16,"column":13}},"loc":{"start":{"line":16,"column":0},"end":{"line":138,"column":null}}},"1":{"name":"Acl","decl":{"start":{"line":19,"column":2},"end":{"line":19,"column":14}},"loc":{"start":{"line":19,"column":29},"end":{"line":25,"column":3}}},"2":{"name":"(anonymous_3)","decl":{"start":{"line":27,"column":2},"end":{"line":27,"column":6}},"loc":{"start":{"line":27,"column":2},"end":{"line":29,"column":3}}},"3":{"name":"(anonymous_4)","decl":{"start":{"line":31,"column":2},"end":{"line":31,"column":6}},"loc":{"start":{"line":31,"column":2},"end":{"line":37,"column":3}}},"4":{"name":"(anonymous_5)","decl":{"start":{"line":39,"column":2},"end":{"line":39,"column":6}},"loc":{"start":{"line":39,"column":2},"end":{"line":45,"column":3}}},"5":{"name":"(anonymous_6)","decl":{"start":{"line":47,"column":2},"end":{"line":47,"column":6}},"loc":{"start":{"line":47,"column":2},"end":{"line":53,"column":3}}},"6":{"name":"(anonymous_7)","decl":{"start":{"line":55,"column":2},"end":{"line":55,"column":6}},"loc":{"start":{"line":55,"column":2},"end":{"line":61,"column":3}}},"7":{"name":"(anonymous_8)","decl":{"start":{"line":63,"column":2},"end":{"line":63,"column":6}},"loc":{"start":{"line":63,"column":34},"end":{"line":65,"column":3}}},"8":{"name":"(anonymous_9)","decl":{"start":{"line":67,"column":2},"end":{"line":67,"column":6}},"loc":{"start":{"line":67,"column":34},"end":{"line":69,"column":3}}},"9":{"name":"(anonymous_10)","decl":{"start":{"line":71,"column":2},"end":{"line":71,"column":11}},"loc":{"start":{"line":71,"column":26},"end":{"line":78,"column":3}}},"10":{"name":"(anonymous_11)","decl":{"start":{"line":80,"column":2},"end":{"line":80,"column":14}},"loc":{"start":{"line":80,"column":29},"end":{"line":86,"column":3}}},"11":{"name":"(anonymous_12)","decl":{"start":{"line":88,"column":2},"end":{"line":88,"column":11}},"loc":{"start":{"line":88,"column":26},"end":{"line":95,"column":3}}},"12":{"name":"(anonymous_13)","decl":{"start":{"line":97,"column":2},"end":{"line":97,"column":14}},"loc":{"start":{"line":97,"column":29},"end":{"line":103,"column":3}}},"13":{"name":"(anonymous_14)","decl":{"start":{"line":105,"column":2},"end":{"line":105,"column":16}},"loc":{"start":{"line":105,"column":31},"end":{"line":112,"column":3}}},"14":{"name":"(anonymous_15)","decl":{"start":{"line":114,"column":2},"end":{"line":114,"column":19}},"loc":{"start":{"line":114,"column":34},"end":{"line":120,"column":3}}},"15":{"name":"(anonymous_16)","decl":{"start":{"line":122,"column":2},"end":{"line":122,"column":16}},"loc":{"start":{"line":122,"column":31},"end":{"line":129,"column":3}}},"16":{"name":"(anonymous_17)","decl":{"start":{"line":131,"column":2},"end":{"line":131,"column":19}},"loc":{"start":{"line":131,"column":34},"end":{"line":137,"column":3}}}},"branchMap":{"0":{"loc":{"start":{"line":20,"column":4},"end":{"line":22,"column":null}},"type":"if","locations":[{"start":{"line":20,"column":4},"end":{"line":22,"column":null}},{"start":{"line":20,"column":4},"end":{"line":22,"column":null}}]},"1":{"loc":{"start":{"line":20,"column":8},"end":{"line":20,"column":11}},"type":"binary-expr","locations":[{"start":{"line":20,"column":8},"end":{"line":20,"column":11}},{"start":{"line":20,"column":15},"end":{"line":20,"column":34}}]},"2":{"loc":{"start":{"line":33,"column":4},"end":{"line":35,"column":null}},"type":"if","locations":[{"start":{"line":33,"column":4},"end":{"line":35,"column":null}},{"start":{"line":33,"column":4},"end":{"line":35,"column":null}}]},"3":{"loc":{"start":{"line":41,"column":4},"end":{"line":43,"column":null}},"type":"if","locations":[{"start":{"line":41,"column":4},"end":{"line":43,"column":null}},{"start":{"line":41,"column":4},"end":{"line":43,"column":null}}]},"4":{"loc":{"start":{"line":49,"column":4},"end":{"line":51,"column":null}},"type":"if","locations":[{"start":{"line":49,"column":4},"end":{"line":51,"column":null}},{"start":{"line":49,"column":4},"end":{"line":51,"column":null}}]},"5":{"loc":{"start":{"line":49,"column":8},"end":{"line":49,"column":23}},"type":"binary-expr","locations":[{"start":{"line":49,"column":8},"end":{"line":49,"column":23}},{"start":{"line":49,"column":27},"end":{"line":49,"column":44}}]},"6":{"loc":{"start":{"line":57,"column":4},"end":{"line":59,"column":null}},"type":"if","locations":[{"start":{"line":57,"column":4},"end":{"line":59,"column":null}},{"start":{"line":57,"column":4},"end":{"line":59,"column":null}}]},"7":{"loc":{"start":{"line":57,"column":8},"end":{"line":57,"column":23}},"type":"binary-expr","locations":[{"start":{"line":57,"column":8},"end":{"line":57,"column":23}},{"start":{"line":57,"column":27},"end":{"line":57,"column":44}}]},"8":{"loc":{"start":{"line":73,"column":4},"end":{"line":75,"column":null}},"type":"if","locations":[{"start":{"line":73,"column":4},"end":{"line":75,"column":null}},{"start":{"line":73,"column":4},"end":{"line":75,"column":null}}]},"9":{"loc":{"start":{"line":90,"column":4},"end":{"line":92,"column":null}},"type":"if","locations":[{"start":{"line":90,"column":4},"end":{"line":92,"column":null}},{"start":{"line":90,"column":4},"end":{"line":92,"column":null}}]},"10":{"loc":{"start":{"line":107,"column":4},"end":{"line":109,"column":null}},"type":"if","locations":[{"start":{"line":107,"column":4},"end":{"line":109,"column":null}},{"start":{"line":107,"column":4},"end":{"line":109,"column":null}}]},"11":{"loc":{"start":{"line":124,"column":4},"end":{"line":126,"column":null}},"type":"if","locations":[{"start":{"line":124,"column":4},"end":{"line":126,"column":null}},{"start":{"line":124,"column":4},"end":{"line":126,"column":null}}]}},"s":{"0":1,"1":1,"2":1,"3":19,"4":0,"5":19,"6":1,"7":2,"8":1,"9":6,"10":6,"11":4,"12":2,"13":1,"14":8,"15":8,"16":5,"17":3,"18":1,"19":6,"20":6,"21":4,"22":2,"23":1,"24":6,"25":6,"26":4,"27":2,"28":1,"29":0,"30":1,"31":0,"32":1,"33":1,"34":1,"35":1,"36":1,"37":1,"38":1,"39":1,"40":1,"41":1,"42":1,"43":1,"44":1,"45":1,"46":1,"47":1,"48":1,"49":1,"50":1,"51":2,"52":2,"53":2,"54":2,"55":2,"56":1,"57":1,"58":1,"59":1,"60":1,"61":1,"62":1,"63":1,"64":1,"65":1,"66":1,"67":1,"68":1,"69":1,"70":1,"71":1,"72":1,"73":1,"74":1,"75":1,"76":1,"77":1,"78":1,"79":1,"80":1,"81":1},"f":{"0":1,"1":19,"2":2,"3":6,"4":8,"5":6,"6":6,"7":0,"8":0,"9":1,"10":1,"11":1,"12":2,"13":1,"14":1,"15":1,"16":1},"b":{"0":[0,19],"1":[19,9],"2":[4,2],"3":[5,3],"4":[4,2],"5":[6,4],"6":[4,2],"7":[6,4],"8":[1,0],"9":[1,0],"10":[1,0],"11":[1,0]}},"/Users/thomas/Development/Kinvey/SDKs/JavaScript/packages/js-sdk/src/errors/index.ts":{"path":"/Users/thomas/Development/Kinvey/SDKs/JavaScript/packages/js-sdk/src/errors/index.ts","statementMap":{"0":{"start":{"line":1,"column":0},"end":{"line":1,"column":37}},"1":{"start":{"line":2,"column":0},"end":{"line":2,"column":25}},"2":{"start":{"line":3,"column":0},"end":{"line":3,"column":26}},"3":{"start":{"line":4,"column":0},"end":{"line":4,"column":27}}},"fnMap":{},"branchMap":{},"s":{"0":1,"1":1,"2":1,"3":1},"f":{},"b":{}},"/Users/thomas/Development/Kinvey/SDKs/JavaScript/packages/js-sdk/src/errors/invalidCredentials.ts":{"path":"/Users/thomas/Development/Kinvey/SDKs/JavaScript/packages/js-sdk/src/errors/invalidCredentials.ts","statementMap":{"0":{"start":{"line":1,"column":0},"end":{"line":1,"column":39}},"1":{"start":{"line":3,"column":0},"end":{"line":3,"column":null}},"2":{"start":{"line":3,"column":45},"end":{"line":3,"column":56}},"3":{"start":{"line":4,"column":14},"end":{"line":4,"column":100}},"4":{"start":{"line":5,"column":4},"end":{"line":5,"column":null}},"5":{"start":{"line":6,"column":4},"end":{"line":6,"column":42}},"6":{"start":{"line":8,"column":0},"end":{"line":8,"column":null}},"7":{"start":{"line":3,"column":13},"end":{"line":3,"column":36}}},"fnMap":{"0":{"name":"(anonymous_6)","decl":{"start":{"line":3,"column":0},"end":{"line":3,"column":13}},"loc":{"start":{"line":3,"column":0},"end":{"line":8,"column":null}}},"1":{"name":"InvalidCredentialsError","decl":{"start":{"line":4,"column":2},"end":{"line":4,"column":14}},"loc":{"start":{"line":4,"column":114},"end":{"line":7,"column":3}}}},"branchMap":{"0":{"loc":{"start":{"line":4,"column":14},"end":{"line":4,"column":100}},"type":"if","locations":[{"start":{"line":4,"column":14},"end":{"line":4,"column":100}},{"start":{"line":4,"column":14},"end":{"line":4,"column":100}}]},"1":{"loc":{"start":{"line":5,"column":4},"end":{"line":5,"column":25}},"type":"binary-expr","locations":[{"start":{"line":5,"column":4},"end":{"line":5,"column":25}},{"start":{"line":5,"column":25},"end":{"line":5,"column":null}}]}},"s":{"0":1,"1":1,"2":1,"3":0,"4":0,"5":0,"6":1,"7":1},"f":{"0":1,"1":0},"b":{"0":[0,0],"1":[0,0]}},"/Users/thomas/Development/Kinvey/SDKs/JavaScript/packages/js-sdk/src/errors/kinvey.ts":{"path":"/Users/thomas/Development/Kinvey/SDKs/JavaScript/packages/js-sdk/src/errors/kinvey.ts","statementMap":{"0":{"start":{"line":1,"column":0},"end":{"line":1,"column":null}},"1":{"start":{"line":1,"column":33},"end":{"line":1,"column":38}},"2":{"start":{"line":5,"column":14},"end":{"line":5,"column":46}},"3":{"start":{"line":5,"column":46},"end":{"line":5,"column":null}},"4":{"start":{"line":6,"column":4},"end":{"line":6,"column":null}},"5":{"start":{"line":7,"column":4},"end":{"line":7,"column":54}},"6":{"start":{"line":8,"column":4},"end":{"line":8,"column":30}},"7":{"start":{"line":9,"column":4},"end":{"line":9,"column":23}},"8":{"start":{"line":11,"column":0},"end":{"line":11,"column":null}},"9":{"start":{"line":1,"column":13},"end":{"line":1,"column":24}}},"fnMap":{"0":{"name":"(anonymous_6)","decl":{"start":{"line":1,"column":0},"end":{"line":1,"column":13}},"loc":{"start":{"line":1,"column":0},"end":{"line":11,"column":null}}},"1":{"name":"KinveyError","decl":{"start":{"line":5,"column":2},"end":{"line":5,"column":14}},"loc":{"start":{"line":5,"column":56},"end":{"line":10,"column":3}}}},"branchMap":{"0":{"loc":{"start":{"line":5,"column":14},"end":{"line":5,"column":46}},"type":"if","locations":[{"start":{"line":5,"column":14},"end":{"line":5,"column":46}},{"start":{"line":5,"column":14},"end":{"line":5,"column":46}}]},"1":{"loc":{"start":{"line":5,"column":46},"end":{"line":5,"column":null}},"type":"if","locations":[{"start":{"line":5,"column":46},"end":{"line":5,"column":null}},{"start":{"line":5,"column":46},"end":{"line":5,"column":null}}]},"2":{"loc":{"start":{"line":6,"column":4},"end":{"line":6,"column":18}},"type":"binary-expr","locations":[{"start":{"line":6,"column":4},"end":{"line":6,"column":18}},{"start":{"line":6,"column":18},"end":{"line":6,"column":null}}]}},"s":{"0":1,"1":1,"2":8,"3":13,"4":8,"5":8,"6":8,"7":8,"8":1,"9":1},"f":{"0":1,"1":8},"b":{"0":[0,8],"1":[5,3],"2":[8,0]}},"/Users/thomas/Development/Kinvey/SDKs/JavaScript/packages/js-sdk/src/errors/network.ts":{"path":"/Users/thomas/Development/Kinvey/SDKs/JavaScript/packages/js-sdk/src/errors/network.ts","statementMap":{"0":{"start":{"line":1,"column":0},"end":{"line":1,"column":39}},"1":{"start":{"line":3,"column":0},"end":{"line":3,"column":null}},"2":{"start":{"line":3,"column":34},"end":{"line":3,"column":45}},"3":{"start":{"line":4,"column":14},"end":{"line":4,"column":64}},"4":{"start":{"line":5,"column":4},"end":{"line":5,"column":null}},"5":{"start":{"line":6,"column":4},"end":{"line":6,"column":31}},"6":{"start":{"line":8,"column":0},"end":{"line":8,"column":null}},"7":{"start":{"line":3,"column":13},"end":{"line":3,"column":25}}},"fnMap":{"0":{"name":"(anonymous_6)","decl":{"start":{"line":3,"column":0},"end":{"line":3,"column":13}},"loc":{"start":{"line":3,"column":0},"end":{"line":8,"column":null}}},"1":{"name":"NetworkError","decl":{"start":{"line":4,"column":2},"end":{"line":4,"column":14}},"loc":{"start":{"line":4,"column":78},"end":{"line":7,"column":3}}}},"branchMap":{"0":{"loc":{"start":{"line":4,"column":14},"end":{"line":4,"column":64}},"type":"if","locations":[{"start":{"line":4,"column":14},"end":{"line":4,"column":64}},{"start":{"line":4,"column":14},"end":{"line":4,"column":64}}]},"1":{"loc":{"start":{"line":5,"column":4},"end":{"line":5,"column":25}},"type":"binary-expr","locations":[{"start":{"line":5,"column":4},"end":{"line":5,"column":25}},{"start":{"line":5,"column":25},"end":{"line":5,"column":null}}]}},"s":{"0":1,"1":1,"2":1,"3":0,"4":0,"5":0,"6":1,"7":1},"f":{"0":1,"1":0},"b":{"0":[0,0],"1":[0,0]}},"/Users/thomas/Development/Kinvey/SDKs/JavaScript/packages/js-sdk/src/errors/notFound.ts":{"path":"/Users/thomas/Development/Kinvey/SDKs/JavaScript/packages/js-sdk/src/errors/notFound.ts","statementMap":{"0":{"start":{"line":1,"column":0},"end":{"line":1,"column":39}},"1":{"start":{"line":3,"column":0},"end":{"line":3,"column":null}},"2":{"start":{"line":3,"column":35},"end":{"line":3,"column":46}},"3":{"start":{"line":4,"column":14},"end":{"line":4,"column":50}},"4":{"start":{"line":5,"column":4},"end":{"line":5,"column":null}},"5":{"start":{"line":6,"column":4},"end":{"line":6,"column":32}},"6":{"start":{"line":8,"column":0},"end":{"line":8,"column":null}},"7":{"start":{"line":3,"column":13},"end":{"line":3,"column":26}}},"fnMap":{"0":{"name":"(anonymous_6)","decl":{"start":{"line":3,"column":0},"end":{"line":3,"column":13}},"loc":{"start":{"line":3,"column":0},"end":{"line":8,"column":null}}},"1":{"name":"NotFoundError","decl":{"start":{"line":4,"column":2},"end":{"line":4,"column":14}},"loc":{"start":{"line":4,"column":64},"end":{"line":7,"column":3}}}},"branchMap":{"0":{"loc":{"start":{"line":4,"column":14},"end":{"line":4,"column":50}},"type":"if","locations":[{"start":{"line":4,"column":14},"end":{"line":4,"column":50}},{"start":{"line":4,"column":14},"end":{"line":4,"column":50}}]},"1":{"loc":{"start":{"line":5,"column":4},"end":{"line":5,"column":25}},"type":"binary-expr","locations":[{"start":{"line":5,"column":4},"end":{"line":5,"column":25}},{"start":{"line":5,"column":25},"end":{"line":5,"column":null}}]}},"s":{"0":1,"1":1,"2":1,"3":0,"4":0,"5":0,"6":1,"7":1},"f":{"0":1,"1":0},"b":{"0":[0,0],"1":[0,0]}},"/Users/thomas/Development/Kinvey/SDKs/JavaScript/packages/js-sdk/src/init.ts":{"path":"/Users/thomas/Development/Kinvey/SDKs/JavaScript/packages/js-sdk/src/init.ts","statementMap":{"0":{"start":{"line":1,"column":0},"end":{"line":1,"column":39}},"1":{"start":{"line":2,"column":0},"end":{"line":2,"column":39}},"2":{"start":{"line":14,"column":30},"end":{"line":14,"column":34}},"3":{"start":{"line":18,"column":2},"end":{"line":20,"column":null}},"4":{"start":{"line":19,"column":4},"end":{"line":19,"column":94}},"5":{"start":{"line":23,"column":2},"end":{"line":25,"column":null}},"6":{"start":{"line":24,"column":4},"end":{"line":24,"column":97}},"7":{"start":{"line":28,"column":2},"end":{"line":30,"column":null}},"8":{"start":{"line":29,"column":4},"end":{"line":29,"column":131}},"9":{"start":{"line":32,"column":2},"end":{"line":32,"column":19}},"10":{"start":{"line":16,"column":0},"end":{"line":16,"column":16}},"11":{"start":{"line":36,"column":2},"end":{"line":38,"column":null}},"12":{"start":{"line":37,"column":4},"end":{"line":37,"column":81}},"13":{"start":{"line":39,"column":2},"end":{"line":39,"column":23}},"14":{"start":{"line":35,"column":0},"end":{"line":35,"column":16}},"15":{"start":{"line":43,"column":2},"end":{"line":45,"column":null}},"16":{"start":{"line":44,"column":4},"end":{"line":44,"column":81}},"17":{"start":{"line":46,"column":2},"end":{"line":46,"column":26}},"18":{"start":{"line":42,"column":0},"end":{"line":42,"column":16}},"19":{"start":{"line":50,"column":2},"end":{"line":52,"column":null}},"20":{"start":{"line":51,"column":4},"end":{"line":51,"column":81}},"21":{"start":{"line":53,"column":2},"end":{"line":53,"column":27}},"22":{"start":{"line":49,"column":0},"end":{"line":49,"column":16}},"23":{"start":{"line":57,"column":2},"end":{"line":59,"column":null}},"24":{"start":{"line":58,"column":4},"end":{"line":58,"column":33}},"25":{"start":{"line":60,"column":2},"end":{"line":60,"column":15}},"26":{"start":{"line":56,"column":0},"end":{"line":56,"column":16}},"27":{"start":{"line":64,"column":2},"end":{"line":66,"column":null}},"28":{"start":{"line":65,"column":4},"end":{"line":65,"column":81}},"29":{"start":{"line":67,"column":2},"end":{"line":67,"column":30}},"30":{"start":{"line":63,"column":0},"end":{"line":63,"column":16}},"31":{"start":{"line":71,"column":2},"end":{"line":73,"column":null}},"32":{"start":{"line":72,"column":4},"end":{"line":72,"column":29}},"33":{"start":{"line":74,"column":2},"end":{"line":74,"column":11}},"34":{"start":{"line":70,"column":0},"end":{"line":70,"column":16}}},"fnMap":{"0":{"name":"init","decl":{"start":{"line":16,"column":16},"end":{"line":16,"column":20}},"loc":{"start":{"line":16,"column":45},"end":{"line":33,"column":1}}},"1":{"name":"getAppKey","decl":{"start":{"line":35,"column":16},"end":{"line":35,"column":25}},"loc":{"start":{"line":35,"column":25},"end":{"line":40,"column":1}}},"2":{"name":"getAppSecret","decl":{"start":{"line":42,"column":16},"end":{"line":42,"column":28}},"loc":{"start":{"line":42,"column":28},"end":{"line":47,"column":1}}},"3":{"name":"getInstanceId","decl":{"start":{"line":49,"column":16},"end":{"line":49,"column":29}},"loc":{"start":{"line":49,"column":29},"end":{"line":54,"column":1}}},"4":{"name":"getDefaultTimeout","decl":{"start":{"line":56,"column":16},"end":{"line":56,"column":33}},"loc":{"start":{"line":56,"column":33},"end":{"line":61,"column":1}}},"5":{"name":"getEncryptionKey","decl":{"start":{"line":63,"column":16},"end":{"line":63,"column":32}},"loc":{"start":{"line":63,"column":32},"end":{"line":68,"column":1}}},"6":{"name":"getApiVersion","decl":{"start":{"line":70,"column":16},"end":{"line":70,"column":29}},"loc":{"start":{"line":70,"column":29},"end":{"line":75,"column":1}}}},"branchMap":{"0":{"loc":{"start":{"line":18,"column":2},"end":{"line":20,"column":null}},"type":"if","locations":[{"start":{"line":18,"column":2},"end":{"line":20,"column":null}},{"start":{"line":18,"column":2},"end":{"line":20,"column":null}}]},"1":{"loc":{"start":{"line":18,"column":6},"end":{"line":18,"column":29}},"type":"binary-expr","locations":[{"start":{"line":18,"column":6},"end":{"line":18,"column":29}},{"start":{"line":18,"column":33},"end":{"line":18,"column":61}}]},"2":{"loc":{"start":{"line":23,"column":2},"end":{"line":25,"column":null}},"type":"if","locations":[{"start":{"line":23,"column":2},"end":{"line":25,"column":null}},{"start":{"line":23,"column":2},"end":{"line":25,"column":null}}]},"3":{"loc":{"start":{"line":23,"column":6},"end":{"line":23,"column":32}},"type":"binary-expr","locations":[{"start":{"line":23,"column":6},"end":{"line":23,"column":32}},{"start":{"line":23,"column":36},"end":{"line":23,"column":67}}]},"4":{"loc":{"start":{"line":28,"column":2},"end":{"line":30,"column":null}},"type":"if","locations":[{"start":{"line":28,"column":2},"end":{"line":30,"column":null}},{"start":{"line":28,"column":2},"end":{"line":30,"column":null}}]},"5":{"loc":{"start":{"line":28,"column":6},"end":{"line":28,"column":28}},"type":"binary-expr","locations":[{"start":{"line":28,"column":6},"end":{"line":28,"column":28}},{"start":{"line":28,"column":32},"end":{"line":28,"column":65}}]},"6":{"loc":{"start":{"line":36,"column":2},"end":{"line":38,"column":null}},"type":"if","locations":[{"start":{"line":36,"column":2},"end":{"line":38,"column":null}},{"start":{"line":36,"column":2},"end":{"line":38,"column":null}}]},"7":{"loc":{"start":{"line":43,"column":2},"end":{"line":45,"column":null}},"type":"if","locations":[{"start":{"line":43,"column":2},"end":{"line":45,"column":null}},{"start":{"line":43,"column":2},"end":{"line":45,"column":null}}]},"8":{"loc":{"start":{"line":50,"column":2},"end":{"line":52,"column":null}},"type":"if","locations":[{"start":{"line":50,"column":2},"end":{"line":52,"column":null}},{"start":{"line":50,"column":2},"end":{"line":52,"column":null}}]},"9":{"loc":{"start":{"line":57,"column":2},"end":{"line":59,"column":null}},"type":"if","locations":[{"start":{"line":57,"column":2},"end":{"line":59,"column":null}},{"start":{"line":57,"column":2},"end":{"line":59,"column":null}}]},"10":{"loc":{"start":{"line":57,"column":6},"end":{"line":57,"column":12}},"type":"binary-expr","locations":[{"start":{"line":57,"column":6},"end":{"line":57,"column":12}},{"start":{"line":57,"column":16},"end":{"line":57,"column":47}}]},"11":{"loc":{"start":{"line":64,"column":2},"end":{"line":66,"column":null}},"type":"if","locations":[{"start":{"line":64,"column":2},"end":{"line":66,"column":null}},{"start":{"line":64,"column":2},"end":{"line":66,"column":null}}]},"12":{"loc":{"start":{"line":71,"column":2},"end":{"line":73,"column":null}},"type":"if","locations":[{"start":{"line":71,"column":2},"end":{"line":73,"column":null}},{"start":{"line":71,"column":2},"end":{"line":73,"column":null}}]},"13":{"loc":{"start":{"line":71,"column":6},"end":{"line":71,"column":12}},"type":"binary-expr","locations":[{"start":{"line":71,"column":6},"end":{"line":71,"column":12}},{"start":{"line":71,"column":16},"end":{"line":71,"column":43}}]}},"s":{"0":1,"1":1,"2":1,"3":14,"4":0,"5":14,"6":0,"7":14,"8":0,"9":14,"10":1,"11":118,"12":0,"13":118,"14":1,"15":5,"16":0,"17":5,"18":1,"19":41,"20":0,"21":41,"22":1,"23":0,"24":0,"25":0,"26":1,"27":0,"28":0,"29":0,"30":1,"31":91,"32":21,"33":70,"34":1},"f":{"0":14,"1":118,"2":5,"3":41,"4":0,"5":0,"6":91},"b":{"0":[0,14],"1":[14,0],"2":[0,14],"3":[14,0],"4":[0,14],"5":[14,0],"6":[0,118],"7":[0,5],"8":[0,41],"9":[0,0],"10":[0,0],"11":[0,0],"12":[21,70],"13":[91,91]}},"/Users/thomas/Development/Kinvey/SDKs/JavaScript/packages/js-sdk/src/http/index.ts":{"path":"/Users/thomas/Development/Kinvey/SDKs/JavaScript/packages/js-sdk/src/http/index.ts","statementMap":{"0":{"start":{"line":1,"column":0},"end":{"line":1,"column":23}},"1":{"start":{"line":2,"column":0},"end":{"line":2,"column":26}},"2":{"start":{"line":3,"column":0},"end":{"line":3,"column":23}},"3":{"start":{"line":4,"column":0},"end":{"line":4,"column":26}},"4":{"start":{"line":5,"column":0},"end":{"line":5,"column":27}},"5":{"start":{"line":6,"column":0},"end":{"line":6,"column":24}}},"fnMap":{},"branchMap":{},"s":{"0":1,"1":1,"2":1,"3":1,"4":1,"5":1},"f":{},"b":{}},"/Users/thomas/Development/Kinvey/SDKs/JavaScript/packages/js-sdk/src/http/auth.ts":{"path":"/Users/thomas/Development/Kinvey/SDKs/JavaScript/packages/js-sdk/src/http/auth.ts","statementMap":{"0":{"start":{"line":1,"column":0},"end":{"line":1,"column":35}},"1":{"start":{"line":2,"column":0},"end":{"line":2,"column":50}},"2":{"start":{"line":3,"column":0},"end":{"line":3,"column":40}},"3":{"start":{"line":4,"column":0},"end":{"line":4,"column":40}},"4":{"start":{"line":7,"column":8},"end":{"line":7,"column":72}},"5":{"start":{"line":8,"column":2},"end":{"line":8,"column":32}},"6":{"start":{"line":6,"column":0},"end":{"line":6,"column":22}},"7":{"start":{"line":12,"column":8},"end":{"line":12,"column":31}},"8":{"start":{"line":14,"column":2},"end":{"line":16,"column":null}},"9":{"start":{"line":15,"column":4},"end":{"line":15,"column":121}},"10":{"start":{"line":18,"column":2},"end":{"line":18,"column":44}},"11":{"start":{"line":11,"column":0},"end":{"line":11,"column":22}},"12":{"start":{"line":23,"column":11},"end":{"line":23,"column":37}},"13":{"start":{"line":23,"column":4},"end":{"line":23,"column":37}},"14":{"start":{"line":25,"column":4},"end":{"line":25,"column":27}},"15":{"start":{"line":21,"column":0},"end":{"line":21,"column":22}}},"fnMap":{"0":{"name":"kinveyAppAuth","decl":{"start":{"line":6,"column":22},"end":{"line":6,"column":35}},"loc":{"start":{"line":6,"column":35},"end":{"line":9,"column":null}}},"1":{"name":"kinveySessionAuth","decl":{"start":{"line":11,"column":22},"end":{"line":11,"column":39}},"loc":{"start":{"line":11,"column":39},"end":{"line":19,"column":null}}},"2":{"name":"kinveySessionOrAppAuth","decl":{"start":{"line":21,"column":22},"end":{"line":21,"column":44}},"loc":{"start":{"line":21,"column":44},"end":{"line":27,"column":null}}}},"branchMap":{"0":{"loc":{"start":{"line":14,"column":2},"end":{"line":16,"column":null}},"type":"if","locations":[{"start":{"line":14,"column":2},"end":{"line":16,"column":null}},{"start":{"line":14,"column":2},"end":{"line":16,"column":null}}]},"1":{"loc":{"start":{"line":23,"column":4},"end":{"line":23,"column":37}},"type":"switch","locations":[{"start":{"line":23,"column":4},"end":{"line":23,"column":37}}]}},"s":{"0":1,"1":1,"2":1,"3":1,"4":5,"5":5,"6":1,"7":31,"8":31,"9":3,"10":28,"11":1,"12":4,"13":4,"14":3,"15":1},"f":{"0":5,"1":31,"2":4},"b":{"0":[3,28],"1":[4]}},"/Users/thomas/Development/Kinvey/SDKs/JavaScript/packages/js-sdk/src/session/index.ts":{"path":"/Users/thomas/Development/Kinvey/SDKs/JavaScript/packages/js-sdk/src/session/index.ts","statementMap":{"0":{"start":{"line":1,"column":0},"end":{"line":1,"column":26}},"1":{"start":{"line":2,"column":0},"end":{"line":2,"column":24}}},"fnMap":{},"branchMap":{},"s":{"0":1,"1":1},"f":{},"b":{}},"/Users/thomas/Development/Kinvey/SDKs/JavaScript/packages/js-sdk/src/session/session.ts":{"path":"/Users/thomas/Development/Kinvey/SDKs/JavaScript/packages/js-sdk/src/session/session.ts","statementMap":{"0":{"start":{"line":1,"column":0},"end":{"line":1,"column":36}},"1":{"start":{"line":3,"column":0},"end":{"line":3,"column":43}},"2":{"start":{"line":5,"column":21},"end":{"line":5,"column":33}},"3":{"start":{"line":8,"column":2},"end":{"line":8,"column":38}},"4":{"start":{"line":27,"column":14},"end":{"line":27,"column":29}},"5":{"start":{"line":28,"column":18},"end":{"line":28,"column":26}},"6":{"start":{"line":29,"column":2},"end":{"line":31,"column":null}},"7":{"start":{"line":30,"column":4},"end":{"line":30,"column":31}},"8":{"start":{"line":32,"column":2},"end":{"line":32,"column":14}},"9":{"start":{"line":26,"column":0},"end":{"line":26,"column":16}},"10":{"start":{"line":36,"column":14},"end":{"line":36,"column":29}},"11":{"start":{"line":37,"column":2},"end":{"line":37,"column":36}},"12":{"start":{"line":35,"column":0},"end":{"line":35,"column":16}},"13":{"start":{"line":41,"column":14},"end":{"line":41,"column":29}},"14":{"start":{"line":42,"column":2},"end":{"line":42,"column":21}},"15":{"start":{"line":40,"column":0},"end":{"line":40,"column":16}},"16":{"start":{"line":46,"column":18},"end":{"line":46,"column":30}},"17":{"start":{"line":47,"column":2},"end":{"line":49,"column":null}},"18":{"start":{"line":48,"column":4},"end":{"line":48,"column":49}},"19":{"start":{"line":50,"column":2},"end":{"line":50,"column":14}},"20":{"start":{"line":45,"column":0},"end":{"line":45,"column":16}},"21":{"start":{"line":54,"column":18},"end":{"line":54,"column":30}},"22":{"start":{"line":55,"column":2},"end":{"line":55,"column":99}},"23":{"start":{"line":56,"column":2},"end":{"line":56,"column":22}},"24":{"start":{"line":53,"column":0},"end":{"line":53,"column":16}}},"fnMap":{"0":{"name":"getSessionKey","decl":{"start":{"line":7,"column":9},"end":{"line":7,"column":22}},"loc":{"start":{"line":7,"column":22},"end":{"line":9,"column":1}}},"1":{"name":"getSession","decl":{"start":{"line":26,"column":16},"end":{"line":26,"column":26}},"loc":{"start":{"line":26,"column":26},"end":{"line":33,"column":1}}},"2":{"name":"setSession","decl":{"start":{"line":35,"column":16},"end":{"line":35,"column":26}},"loc":{"start":{"line":35,"column":43},"end":{"line":38,"column":1}}},"3":{"name":"removeSession","decl":{"start":{"line":40,"column":16},"end":{"line":40,"column":29}},"loc":{"start":{"line":40,"column":29},"end":{"line":43,"column":1}}},"4":{"name":"getMICSession","decl":{"start":{"line":45,"column":16},"end":{"line":45,"column":29}},"loc":{"start":{"line":45,"column":29},"end":{"line":51,"column":1}}},"5":{"name":"setMICSession","decl":{"start":{"line":53,"column":16},"end":{"line":53,"column":29}},"loc":{"start":{"line":53,"column":52},"end":{"line":57,"column":1}}}},"branchMap":{"0":{"loc":{"start":{"line":29,"column":2},"end":{"line":31,"column":null}},"type":"if","locations":[{"start":{"line":29,"column":2},"end":{"line":31,"column":null}},{"start":{"line":29,"column":2},"end":{"line":31,"column":null}}]},"1":{"loc":{"start":{"line":47,"column":2},"end":{"line":49,"column":null}},"type":"if","locations":[{"start":{"line":47,"column":2},"end":{"line":49,"column":null}},{"start":{"line":47,"column":2},"end":{"line":49,"column":null}}]},"2":{"loc":{"start":{"line":47,"column":6},"end":{"line":47,"column":13}},"type":"binary-expr","locations":[{"start":{"line":47,"column":6},"end":{"line":47,"column":13}},{"start":{"line":47,"column":17},"end":{"line":47,"column":40}},{"start":{"line":47,"column":44},"end":{"line":47,"column":81}}]}},"s":{"0":1,"1":1,"2":1,"3":72,"4":33,"5":33,"6":33,"7":29,"8":4,"9":1,"10":20,"11":20,"12":1,"13":19,"14":19,"15":1,"16":0,"17":0,"18":0,"19":0,"20":1,"21":0,"22":0,"23":0,"24":1},"f":{"0":72,"1":33,"2":20,"3":19,"4":0,"5":0},"b":{"0":[29,4],"1":[0,0],"2":[0,0,0]}},"/Users/thomas/Development/Kinvey/SDKs/JavaScript/packages/js-sdk/src/session/store.ts":{"path":"/Users/thomas/Development/Kinvey/SDKs/JavaScript/packages/js-sdk/src/session/store.ts","statementMap":{"0":{"start":{"line":7,"column":0},"end":{"line":7,"column":null}},"1":{"start":{"line":8,"column":10},"end":{"line":8,"column":44}},"2":{"start":{"line":10,"column":2},"end":{"line":12,"column":null}},"3":{"start":{"line":11,"column":4},"end":{"line":11,"column":31}},"4":{"start":{"line":14,"column":2},"end":{"line":16,"column":null}},"5":{"start":{"line":15,"column":4},"end":{"line":15,"column":33}},"6":{"start":{"line":18,"column":2},"end":{"line":20,"column":null}},"7":{"start":{"line":19,"column":4},"end":{"line":19,"column":34}},"8":{"start":{"line":21,"column":0},"end":{"line":21,"column":null}},"9":{"start":{"line":23,"column":26},"end":{"line":23,"column":51}},"10":{"start":{"line":27,"column":2},"end":{"line":27,"column":15}},"11":{"start":{"line":26,"column":0},"end":{"line":26,"column":16}},"12":{"start":{"line":31,"column":2},"end":{"line":31,"column":17}},"13":{"start":{"line":30,"column":0},"end":{"line":30,"column":16}},"14":{"start":{"line":35,"column":2},"end":{"line":35,"column":36}},"15":{"start":{"line":34,"column":0},"end":{"line":34,"column":16}},"16":{"start":{"line":39,"column":2},"end":{"line":39,"column":38}},"17":{"start":{"line":38,"column":0},"end":{"line":38,"column":16}},"18":{"start":{"line":43,"column":2},"end":{"line":43,"column":39}},"19":{"start":{"line":42,"column":0},"end":{"line":42,"column":16}}},"fnMap":{"0":{"name":"(anonymous_0)","decl":{"start":{"line":7,"column":0},"end":{"line":7,"column":null}},"loc":{"start":{"line":7,"column":0},"end":{"line":21,"column":null}}},"1":{"name":"(anonymous_2)","decl":{"start":{"line":10,"column":2},"end":{"line":10,"column":5}},"loc":{"start":{"line":10,"column":17},"end":{"line":12,"column":3}}},"2":{"name":"(anonymous_3)","decl":{"start":{"line":14,"column":2},"end":{"line":14,"column":5}},"loc":{"start":{"line":14,"column":34},"end":{"line":16,"column":3}}},"3":{"name":"(anonymous_4)","decl":{"start":{"line":18,"column":2},"end":{"line":18,"column":8}},"loc":{"start":{"line":18,"column":20},"end":{"line":20,"column":3}}},"4":{"name":"getSessionStore","decl":{"start":{"line":26,"column":16},"end":{"line":26,"column":31}},"loc":{"start":{"line":26,"column":31},"end":{"line":28,"column":1}}},"5":{"name":"setSessionStore","decl":{"start":{"line":30,"column":16},"end":{"line":30,"column":31}},"loc":{"start":{"line":30,"column":52},"end":{"line":32,"column":1}}},"6":{"name":"get","decl":{"start":{"line":34,"column":16},"end":{"line":34,"column":19}},"loc":{"start":{"line":34,"column":31},"end":{"line":36,"column":1}}},"7":{"name":"set","decl":{"start":{"line":38,"column":16},"end":{"line":38,"column":19}},"loc":{"start":{"line":38,"column":48},"end":{"line":40,"column":1}}},"8":{"name":"remove","decl":{"start":{"line":42,"column":16},"end":{"line":42,"column":22}},"loc":{"start":{"line":42,"column":34},"end":{"line":44,"column":1}}}},"branchMap":{},"s":{"0":1,"1":1,"2":1,"3":33,"4":1,"5":20,"6":1,"7":19,"8":1,"9":1,"10":72,"11":1,"12":0,"13":1,"14":33,"15":1,"16":20,"17":1,"18":19,"19":1},"f":{"0":2,"1":33,"2":20,"3":19,"4":72,"5":0,"6":33,"7":20,"8":19},"b":{}},"/Users/thomas/Development/Kinvey/SDKs/JavaScript/packages/js-sdk/src/http/headers.ts":{"path":"/Users/thomas/Development/Kinvey/SDKs/JavaScript/packages/js-sdk/src/http/headers.ts","statementMap":{"0":{"start":{"line":3,"column":0},"end":{"line":3,"column":43}},"1":{"start":{"line":4,"column":0},"end":{"line":4,"column":37}},"2":{"start":{"line":5,"column":0},"end":{"line":5,"column":40}},"3":{"start":{"line":7,"column":0},"end":{"line":7,"column":13}},"4":{"start":{"line":13,"column":2},"end":{"line":13,"column":14}},"5":{"start":{"line":8,"column":10},"end":{"line":8,"column":51}},"6":{"start":{"line":9,"column":10},"end":{"line":9,"column":59}},"7":{"start":{"line":14,"column":4},"end":{"line":22,"column":null}},"8":{"start":{"line":15,"column":6},"end":{"line":21,"column":null}},"9":{"start":{"line":16,"column":8},"end":{"line":16,"column":27}},"10":{"start":{"line":18,"column":8},"end":{"line":20,"column":11}},"11":{"start":{"line":19,"column":10},"end":{"line":19,"column":40}},"12":{"start":{"line":25,"column":2},"end":{"line":27,"column":null}},"13":{"start":{"line":26,"column":4},"end":{"line":26,"column":36}},"14":{"start":{"line":29,"column":2},"end":{"line":31,"column":null}},"15":{"start":{"line":30,"column":4},"end":{"line":30,"column":37}},"16":{"start":{"line":34,"column":4},"end":{"line":34,"column":37}},"17":{"start":{"line":37,"column":2},"end":{"line":39,"column":null}},"18":{"start":{"line":38,"column":4},"end":{"line":38,"column":48}},"19":{"start":{"line":41,"column":2},"end":{"line":43,"column":null}},"20":{"start":{"line":42,"column":4},"end":{"line":42,"column":48}},"21":{"start":{"line":45,"column":2},"end":{"line":47,"column":null}},"22":{"start":{"line":46,"column":4},"end":{"line":46,"column":53}},"23":{"start":{"line":52,"column":2},"end":{"line":69,"column":null}},"24":{"start":{"line":53,"column":4},"end":{"line":55,"column":null}},"25":{"start":{"line":54,"column":6},"end":{"line":54,"column":37}},"26":{"start":{"line":57,"column":4},"end":{"line":59,"column":null}},"27":{"start":{"line":58,"column":6},"end":{"line":58,"column":45}},"28":{"start":{"line":61,"column":16},"end":{"line":61,"column":34}},"29":{"start":{"line":62,"column":4},"end":{"line":62,"column":33}},"30":{"start":{"line":64,"column":4},"end":{"line":66,"column":null}},"31":{"start":{"line":65,"column":6},"end":{"line":65,"column":42}},"32":{"start":{"line":68,"column":4},"end":{"line":68,"column":16}},"33":{"start":{"line":71,"column":2},"end":{"line":81,"column":null}},"34":{"start":{"line":71,"column":2},"end":{"line":71,"column":6}},"35":{"start":{"line":72,"column":4},"end":{"line":79,"column":9}},"36":{"start":{"line":75,"column":22},"end":{"line":75,"column":39}},"37":{"start":{"line":76,"column":8},"end":{"line":78,"column":null}},"38":{"start":{"line":77,"column":10},"end":{"line":77,"column":32}},"39":{"start":{"line":80,"column":4},"end":{"line":80,"column":16}},"40":{"start":{"line":83,"column":2},"end":{"line":85,"column":null}},"41":{"start":{"line":84,"column":4},"end":{"line":84,"column":37}},"42":{"start":{"line":87,"column":2},"end":{"line":97,"column":null}},"43":{"start":{"line":87,"column":2},"end":{"line":87,"column":15}},"44":{"start":{"line":88,"column":4},"end":{"line":96,"column":13}},"45":{"start":{"line":91,"column":22},"end":{"line":91,"column":38}},"46":{"start":{"line":92,"column":8},"end":{"line":94,"column":null}},"47":{"start":{"line":93,"column":10},"end":{"line":93,"column":61}},"48":{"start":{"line":95,"column":8},"end":{"line":95,"column":23}},"49":{"start":{"line":101,"column":9},"end":{"line":115,"column":null}},"50":{"start":{"line":102,"column":24},"end":{"line":102,"column":41}},"51":{"start":{"line":104,"column":4},"end":{"line":112,"column":null}},"52":{"start":{"line":105,"column":6},"end":{"line":111,"column":null}},"53":{"start":{"line":106,"column":8},"end":{"line":106,"column":34}},"54":{"start":{"line":108,"column":8},"end":{"line":110,"column":11}},"55":{"start":{"line":109,"column":10},"end":{"line":109,"column":47}},"56":{"start":{"line":114,"column":4},"end":{"line":114,"column":23}},"57":{"start":{"line":116,"column":0},"end":{"line":116,"column":null}},"58":{"start":{"line":7,"column":13},"end":{"line":7,"column":24}},"59":{"start":{"line":118,"column":0},"end":{"line":118,"column":null}},"60":{"start":{"line":118,"column":39},"end":{"line":118,"column":50}},"61":{"start":{"line":122,"column":4},"end":{"line":122,"column":null}},"62":{"start":{"line":125,"column":4},"end":{"line":127,"column":null}},"63":{"start":{"line":126,"column":6},"end":{"line":126,"column":60}},"64":{"start":{"line":130,"column":4},"end":{"line":132,"column":null}},"65":{"start":{"line":131,"column":6},"end":{"line":131,"column":66}},"66":{"start":{"line":135,"column":4},"end":{"line":137,"column":null}},"67":{"start":{"line":136,"column":6},"end":{"line":136,"column":64}},"68":{"start":{"line":140,"column":2},"end":{"line":142,"column":null}},"69":{"start":{"line":141,"column":4},"end":{"line":141,"column":46}},"70":{"start":{"line":143,"column":0},"end":{"line":143,"column":null}},"71":{"start":{"line":118,"column":13},"end":{"line":118,"column":30}}},"fnMap":{"0":{"name":"(anonymous_7)","decl":{"start":{"line":7,"column":0},"end":{"line":7,"column":13}},"loc":{"start":{"line":7,"column":0},"end":{"line":116,"column":null}}},"1":{"name":"HttpHeaders","decl":{"start":{"line":13,"column":2},"end":{"line":13,"column":14}},"loc":{"start":{"line":13,"column":27},"end":{"line":23,"column":3}}},"2":{"name":"(anonymous_9)","decl":{"start":{"line":18,"column":37},"end":{"line":18,"column":38}},"loc":{"start":{"line":18,"column":42},"end":{"line":20,"column":9}}},"3":{"name":"(anonymous_10)","decl":{"start":{"line":25,"column":2},"end":{"line":25,"column":6}},"loc":{"start":{"line":25,"column":2},"end":{"line":27,"column":3}}},"4":{"name":"(anonymous_11)","decl":{"start":{"line":29,"column":2},"end":{"line":29,"column":6}},"loc":{"start":{"line":29,"column":2},"end":{"line":31,"column":3}}},"5":{"name":"(anonymous_12)","decl":{"start":{"line":33,"column":2},"end":{"line":33,"column":20}},"loc":{"start":{"line":33,"column":33},"end":{"line":35,"column":3}}},"6":{"name":"(anonymous_13)","decl":{"start":{"line":37,"column":2},"end":{"line":37,"column":5}},"loc":{"start":{"line":37,"column":18},"end":{"line":39,"column":3}}},"7":{"name":"(anonymous_14)","decl":{"start":{"line":41,"column":2},"end":{"line":41,"column":5}},"loc":{"start":{"line":41,"column":18},"end":{"line":43,"column":3}}},"8":{"name":"(anonymous_15)","decl":{"start":{"line":45,"column":2},"end":{"line":45,"column":6}},"loc":{"start":{"line":45,"column":2},"end":{"line":47,"column":3}}},"9":{"name":"(anonymous_16)","decl":{"start":{"line":52,"column":2},"end":{"line":52,"column":5}},"loc":{"start":{"line":52,"column":30},"end":{"line":69,"column":3}}},"10":{"name":"(anonymous_17)","decl":{"start":{"line":71,"column":2},"end":{"line":71,"column":6}},"loc":{"start":{"line":71,"column":27},"end":{"line":81,"column":3}}},"11":{"name":"(anonymous_18)","decl":{"start":{"line":74,"column":15},"end":{"line":74,"column":16}},"loc":{"start":{"line":74,"column":20},"end":{"line":79,"column":7}}},"12":{"name":"(anonymous_19)","decl":{"start":{"line":83,"column":2},"end":{"line":83,"column":8}},"loc":{"start":{"line":83,"column":21},"end":{"line":85,"column":3}}},"13":{"name":"(anonymous_20)","decl":{"start":{"line":87,"column":2},"end":{"line":87,"column":15}},"loc":{"start":{"line":87,"column":2},"end":{"line":97,"column":3}}},"14":{"name":"(anonymous_21)","decl":{"start":{"line":90,"column":14},"end":{"line":90,"column":15}},"loc":{"start":{"line":90,"column":58},"end":{"line":96,"column":7}}},"15":{"name":"(anonymous_22)","decl":{"start":{"line":101,"column":2},"end":{"line":101,"column":9}},"loc":{"start":{"line":101,"column":34},"end":{"line":115,"column":3}}},"16":{"name":"(anonymous_23)","decl":{"start":{"line":108,"column":37},"end":{"line":108,"column":38}},"loc":{"start":{"line":108,"column":42},"end":{"line":110,"column":9}}},"17":{"name":"(anonymous_24)","decl":{"start":{"line":118,"column":0},"end":{"line":118,"column":13}},"loc":{"start":{"line":118,"column":0},"end":{"line":143,"column":null}}},"18":{"name":"KinveyHttpHeaders","decl":{"start":{"line":121,"column":2},"end":{"line":121,"column":14}},"loc":{"start":{"line":121,"column":27},"end":{"line":138,"column":3}}},"19":{"name":"(anonymous_26)","decl":{"start":{"line":140,"column":2},"end":{"line":140,"column":6}},"loc":{"start":{"line":140,"column":2},"end":{"line":142,"column":3}}}},"branchMap":{"0":{"loc":{"start":{"line":14,"column":4},"end":{"line":22,"column":null}},"type":"if","locations":[{"start":{"line":14,"column":4},"end":{"line":22,"column":null}},{"start":{"line":14,"column":4},"end":{"line":22,"column":null}}]},"1":{"loc":{"start":{"line":15,"column":6},"end":{"line":21,"column":null}},"type":"if","locations":[{"start":{"line":15,"column":6},"end":{"line":21,"column":null}},{"start":{"line":15,"column":6},"end":{"line":21,"column":null}}]},"2":{"loc":{"start":{"line":53,"column":4},"end":{"line":55,"column":null}},"type":"if","locations":[{"start":{"line":53,"column":4},"end":{"line":55,"column":null}},{"start":{"line":53,"column":4},"end":{"line":55,"column":null}}]},"3":{"loc":{"start":{"line":57,"column":4},"end":{"line":59,"column":null}},"type":"if","locations":[{"start":{"line":57,"column":4},"end":{"line":59,"column":null}},{"start":{"line":57,"column":4},"end":{"line":59,"column":null}}]},"4":{"loc":{"start":{"line":64,"column":4},"end":{"line":66,"column":null}},"type":"if","locations":[{"start":{"line":64,"column":4},"end":{"line":66,"column":null}},{"start":{"line":64,"column":4},"end":{"line":66,"column":null}}]},"5":{"loc":{"start":{"line":76,"column":8},"end":{"line":78,"column":null}},"type":"if","locations":[{"start":{"line":76,"column":8},"end":{"line":78,"column":null}},{"start":{"line":76,"column":8},"end":{"line":78,"column":null}}]},"6":{"loc":{"start":{"line":92,"column":8},"end":{"line":94,"column":null}},"type":"if","locations":[{"start":{"line":92,"column":8},"end":{"line":94,"column":null}},{"start":{"line":92,"column":8},"end":{"line":94,"column":null}}]},"7":{"loc":{"start":{"line":104,"column":4},"end":{"line":112,"column":null}},"type":"if","locations":[{"start":{"line":104,"column":4},"end":{"line":112,"column":null}},{"start":{"line":104,"column":4},"end":{"line":112,"column":null}}]},"8":{"loc":{"start":{"line":105,"column":6},"end":{"line":111,"column":null}},"type":"if","locations":[{"start":{"line":105,"column":6},"end":{"line":111,"column":null}},{"start":{"line":105,"column":6},"end":{"line":111,"column":null}}]},"9":{"loc":{"start":{"line":122,"column":4},"end":{"line":122,"column":18}},"type":"binary-expr","locations":[{"start":{"line":122,"column":4},"end":{"line":122,"column":18}},{"start":{"line":122,"column":18},"end":{"line":122,"column":null}}]},"10":{"loc":{"start":{"line":125,"column":4},"end":{"line":127,"column":null}},"type":"if","locations":[{"start":{"line":125,"column":4},"end":{"line":127,"column":null}},{"start":{"line":125,"column":4},"end":{"line":127,"column":null}}]},"11":{"loc":{"start":{"line":130,"column":4},"end":{"line":132,"column":null}},"type":"if","locations":[{"start":{"line":130,"column":4},"end":{"line":132,"column":null}},{"start":{"line":130,"column":4},"end":{"line":132,"column":null}}]},"12":{"loc":{"start":{"line":135,"column":4},"end":{"line":137,"column":null}},"type":"if","locations":[{"start":{"line":135,"column":4},"end":{"line":137,"column":null}},{"start":{"line":135,"column":4},"end":{"line":137,"column":null}}]}},"s":{"0":1,"1":1,"2":1,"3":1,"4":211,"5":211,"6":211,"7":211,"8":63,"9":0,"10":63,"11":33,"12":1,"13":63,"14":1,"15":0,"16":21,"17":1,"18":252,"19":1,"20":165,"21":1,"22":42,"23":1,"24":303,"25":1,"26":302,"27":0,"28":302,"29":302,"30":302,"31":302,"32":302,"33":1,"34":0,"35":0,"36":0,"37":0,"38":0,"39":0,"40":1,"41":78,"42":1,"43":42,"44":42,"45":101,"46":101,"47":101,"48":0,"49":1,"50":0,"51":0,"52":0,"53":0,"54":0,"55":0,"56":0,"57":1,"58":1,"59":1,"60":1,"61":84,"62":84,"63":84,"64":84,"65":73,"66":84,"67":84,"68":1,"69":0,"70":1,"71":1},"f":{"0":1,"1":211,"2":33,"3":63,"4":0,"5":21,"6":252,"7":165,"8":42,"9":303,"10":0,"11":0,"12":78,"13":42,"14":101,"15":0,"16":0,"17":1,"18":84,"19":0},"b":{"0":[63,148],"1":[0,63],"2":[1,302],"3":[0,302],"4":[302,0],"5":[0,0],"6":[101,0],"7":[0,0],"8":[0,0],"9":[84,84],"10":[84,0],"11":[73,11],"12":[84,0]}},"/Users/thomas/Development/Kinvey/SDKs/JavaScript/packages/js-sdk/src/http/http.ts":{"path":"/Users/thomas/Development/Kinvey/SDKs/JavaScript/packages/js-sdk/src/http/http.ts","statementMap":{"0":{"start":{"line":1,"column":0},"end":{"line":1,"column":40}},"1":{"start":{"line":21,"column":27},"end":{"line":25,"column":2}},"2":{"start":{"line":23,"column":4},"end":{"line":23,"column":111}},"3":{"start":{"line":28,"column":2},"end":{"line":28,"column":21}},"4":{"start":{"line":27,"column":0},"end":{"line":27,"column":16}},"5":{"start":{"line":32,"column":2},"end":{"line":32,"column":17}},"6":{"start":{"line":31,"column":0},"end":{"line":31,"column":16}},"7":{"start":{"line":36,"column":2},"end":{"line":36,"column":40}},"8":{"start":{"line":35,"column":0},"end":{"line":35,"column":16}}},"fnMap":{"0":{"name":"(anonymous_12)","decl":{"start":{"line":22,"column":2},"end":{"line":22,"column":8}},"loc":{"start":{"line":22,"column":2},"end":{"line":24,"column":null}}},"1":{"name":"setHttpAdapter","decl":{"start":{"line":27,"column":16},"end":{"line":27,"column":30}},"loc":{"start":{"line":27,"column":52},"end":{"line":29,"column":1}}},"2":{"name":"getHttpAdapter","decl":{"start":{"line":31,"column":16},"end":{"line":31,"column":30}},"loc":{"start":{"line":31,"column":30},"end":{"line":33,"column":1}}},"3":{"name":"send","decl":{"start":{"line":35,"column":16},"end":{"line":35,"column":20}},"loc":{"start":{"line":35,"column":41},"end":{"line":37,"column":1}}}},"branchMap":{},"s":{"0":1,"1":1,"2":0,"3":4,"4":1,"5":21,"6":1,"7":21,"8":1},"f":{"0":0,"1":4,"2":21,"3":21},"b":{}},"/Users/thomas/Development/Kinvey/SDKs/JavaScript/packages/js-sdk/src/http/request.ts":{"path":"/Users/thomas/Development/Kinvey/SDKs/JavaScript/packages/js-sdk/src/http/request.ts","statementMap":{"0":{"start":{"line":3,"column":0},"end":{"line":3,"column":37}},"1":{"start":{"line":4,"column":0},"end":{"line":4,"column":29}},"2":{"start":{"line":5,"column":0},"end":{"line":5,"column":35}},"3":{"start":{"line":6,"column":0},"end":{"line":6,"column":65}},"4":{"start":{"line":7,"column":0},"end":{"line":7,"column":82}},"5":{"start":{"line":8,"column":0},"end":{"line":8,"column":39}},"6":{"start":{"line":9,"column":0},"end":{"line":9,"column":59}},"7":{"start":{"line":10,"column":0},"end":{"line":10,"column":62}},"8":{"start":{"line":11,"column":0},"end":{"line":11,"column":30}},"9":{"start":{"line":12,"column":0},"end":{"line":12,"column":40}},"10":{"start":{"line":13,"column":0},"end":{"line":13,"column":39}},"11":{"start":{"line":14,"column":0},"end":{"line":14,"column":99}},"12":{"start":{"line":16,"column":0},"end":{"line":16,"column":null}},"13":{"start":{"line":17,"column":2},"end":{"line":17,"column":null}},"14":{"start":{"line":18,"column":2},"end":{"line":18,"column":null}},"15":{"start":{"line":19,"column":2},"end":{"line":19,"column":null}},"16":{"start":{"line":20,"column":2},"end":{"line":20,"column":null}},"17":{"start":{"line":35,"column":0},"end":{"line":35,"column":13}},"18":{"start":{"line":36,"column":9},"end":{"line":36,"column":50}},"19":{"start":{"line":37,"column":9},"end":{"line":37,"column":59}},"20":{"start":{"line":43,"column":4},"end":{"line":53,"column":null}},"21":{"start":{"line":44,"column":6},"end":{"line":44,"column":53}},"22":{"start":{"line":46,"column":6},"end":{"line":48,"column":null}},"23":{"start":{"line":47,"column":8},"end":{"line":47,"column":36}},"24":{"start":{"line":50,"column":6},"end":{"line":50,"column":28}},"25":{"start":{"line":51,"column":6},"end":{"line":51,"column":67}},"26":{"start":{"line":52,"column":6},"end":{"line":52,"column":36}},"27":{"start":{"line":56,"column":2},"end":{"line":64,"column":null}},"28":{"start":{"line":57,"column":4},"end":{"line":63,"column":7}},"29":{"start":{"line":66,"column":8},"end":{"line":69,"column":null}},"30":{"start":{"line":67,"column":24},"end":{"line":67,"column":null}},"31":{"start":{"line":67,"column":10},"end":{"line":67,"column":null}},"32":{"start":{"line":68,"column":4},"end":{"line":68,"column":41}},"33":{"start":{"line":70,"column":0},"end":{"line":70,"column":null}},"34":{"start":{"line":35,"column":13},"end":{"line":35,"column":24}},"35":{"start":{"line":79,"column":22},"end":{"line":79,"column":34}},"36":{"start":{"line":82,"column":2},"end":{"line":82,"column":32}},"37":{"start":{"line":86,"column":2},"end":{"line":86,"column":24}},"38":{"start":{"line":90,"column":2},"end":{"line":90,"column":24}},"39":{"start":{"line":93,"column":0},"end":{"line":93,"column":null}},"40":{"start":{"line":93,"column":39},"end":{"line":93,"column":50}},"41":{"start":{"line":98,"column":4},"end":{"line":98,"column":null}},"42":{"start":{"line":94,"column":9},"end":{"line":94,"column":62}},"43":{"start":{"line":95,"column":9},"end":{"line":95,"column":73}},"44":{"start":{"line":95,"column":39},"end":{"line":95,"column":73}},"45":{"start":{"line":95,"column":68},"end":{"line":95,"column":73}},"46":{"start":{"line":99,"column":4},"end":{"line":105,"column":null}},"47":{"start":{"line":100,"column":6},"end":{"line":100,"column":59}},"48":{"start":{"line":101,"column":6},"end":{"line":101,"column":30}},"49":{"start":{"line":102,"column":6},"end":{"line":102,"column":44}},"50":{"start":{"line":103,"column":6},"end":{"line":103,"column":31}},"51":{"start":{"line":104,"column":6},"end":{"line":104,"column":53}},"52":{"start":{"line":108,"column":2},"end":{"line":115,"column":null}},"53":{"start":{"line":109,"column":4},"end":{"line":113,"column":null}},"54":{"start":{"line":110,"column":6},"end":{"line":110,"column":63}},"55":{"start":{"line":112,"column":6},"end":{"line":112,"column":58}},"56":{"start":{"line":114,"column":4},"end":{"line":114,"column":16}},"57":{"start":{"line":117,"column":2},"end":{"line":126,"column":null}},"58":{"start":{"line":118,"column":4},"end":{"line":124,"column":null}},"59":{"start":{"line":119,"column":6},"end":{"line":119,"column":86}},"60":{"start":{"line":120,"column":6},"end":{"line":120,"column":59}},"61":{"start":{"line":122,"column":6},"end":{"line":122,"column":66}},"62":{"start":{"line":123,"column":6},"end":{"line":123,"column":54}},"63":{"start":{"line":125,"column":4},"end":{"line":125,"column":16}},"64":{"start":{"line":128,"column":2},"end":{"line":144,"column":null}},"65":{"start":{"line":129,"column":39},"end":{"line":129,"column":65}},"66":{"start":{"line":131,"column":4},"end":{"line":141,"column":null}},"67":{"start":{"line":132,"column":47},"end":{"line":132,"column":84}},"68":{"start":{"line":134,"column":6},"end":{"line":136,"column":null}},"69":{"start":{"line":135,"column":8},"end":{"line":135,"column":137}},"70":{"start":{"line":138,"column":6},"end":{"line":138,"column":89}},"71":{"start":{"line":140,"column":6},"end":{"line":140,"column":64}},"72":{"start":{"line":143,"column":4},"end":{"line":143,"column":16}},"73":{"start":{"line":146,"column":8},"end":{"line":231,"column":null}},"74":{"start":{"line":146,"column":16},"end":{"line":146,"column":null}},"75":{"start":{"line":147,"column":4},"end":{"line":147,"column":17}},"76":{"start":{"line":147,"column":33},"end":{"line":147,"column":51}},"77":{"start":{"line":147,"column":4},"end":{"line":147,"column":51}},"78":{"start":{"line":150,"column":27},"end":{"line":150,"column":null}},"79":{"start":{"line":150,"column":12},"end":{"line":150,"column":null}},"80":{"start":{"line":151,"column":12},"end":{"line":151,"column":76}},"81":{"start":{"line":153,"column":6},"end":{"line":155,"column":null}},"82":{"start":{"line":154,"column":8},"end":{"line":154,"column":29}},"83":{"start":{"line":157,"column":6},"end":{"line":157,"column":22}},"84":{"start":{"line":159,"column":10},"end":{"line":159,"column":17}},"85":{"start":{"line":160,"column":8},"end":{"line":162,"column":null}},"86":{"start":{"line":161,"column":10},"end":{"line":161,"column":86}},"87":{"start":{"line":161,"column":70},"end":{"line":161,"column":85}},"88":{"start":{"line":164,"column":14},"end":{"line":164,"column":43}},"89":{"start":{"line":166,"column":12},"end":{"line":166,"column":22}},"90":{"start":{"line":168,"column":10},"end":{"line":168,"column":32}},"91":{"start":{"line":172,"column":18},"end":{"line":188,"column":15}},"92":{"start":{"line":174,"column":20},"end":{"line":177,"column":null}},"93":{"start":{"line":175,"column":22},"end":{"line":175,"column":95}},"94":{"start":{"line":176,"column":16},"end":{"line":176,"column":46}},"95":{"start":{"line":189,"column":36},"end":{"line":189,"column":null}},"96":{"start":{"line":189,"column":18},"end":{"line":189,"column":null}},"97":{"start":{"line":190,"column":18},"end":{"line":190,"column":55}},"98":{"start":{"line":193,"column":18},"end":{"line":193,"column":41}},"99":{"start":{"line":194,"column":18},"end":{"line":206,"column":15}},"100":{"start":{"line":207,"column":34},"end":{"line":207,"column":null}},"101":{"start":{"line":207,"column":18},"end":{"line":207,"column":null}},"102":{"start":{"line":208,"column":18},"end":{"line":208,"column":50}},"103":{"start":{"line":211,"column":12},"end":{"line":211,"column":35}},"104":{"start":{"line":212,"column":12},"end":{"line":212,"column":68}},"105":{"start":{"line":215,"column":12},"end":{"line":215,"column":24}},"106":{"start":{"line":219,"column":31},"end":{"line":219,"column":null}},"107":{"start":{"line":219,"column":16},"end":{"line":219,"column":null}},"108":{"start":{"line":222,"column":10},"end":{"line":222,"column":31}},"109":{"start":{"line":225,"column":10},"end":{"line":225,"column":30}},"110":{"start":{"line":229,"column":6},"end":{"line":229,"column":18}},"111":{"start":{"line":232,"column":0},"end":{"line":232,"column":null}},"112":{"start":{"line":93,"column":13},"end":{"line":93,"column":30}}},"fnMap":{"0":{"name":"(anonymous_19)","decl":{"start":{"line":16,"column":0},"end":{"line":16,"column":12}},"loc":{"start":{"line":16,"column":29},"end":{"line":21,"column":1}}},"1":{"name":"(anonymous_20)","decl":{"start":{"line":35,"column":0},"end":{"line":35,"column":13}},"loc":{"start":{"line":35,"column":0},"end":{"line":70,"column":null}}},"2":{"name":"HttpRequest","decl":{"start":{"line":42,"column":2},"end":{"line":42,"column":14}},"loc":{"start":{"line":42,"column":40},"end":{"line":54,"column":3}}},"3":{"name":"(anonymous_22)","decl":{"start":{"line":56,"column":2},"end":{"line":56,"column":15}},"loc":{"start":{"line":56,"column":2},"end":{"line":64,"column":3}}},"4":{"name":"(anonymous_23)","decl":{"start":{"line":66,"column":2},"end":{"line":66,"column":8}},"loc":{"start":{"line":66,"column":2},"end":{"line":69,"column":null}}},"5":{"name":"isRefreshRequestInProgress","decl":{"start":{"line":81,"column":9},"end":{"line":81,"column":35}},"loc":{"start":{"line":81,"column":35},"end":{"line":83,"column":1}}},"6":{"name":"startRefreshProcess","decl":{"start":{"line":85,"column":9},"end":{"line":85,"column":28}},"loc":{"start":{"line":85,"column":28},"end":{"line":87,"column":1}}},"7":{"name":"stopRefreshProcess","decl":{"start":{"line":89,"column":9},"end":{"line":89,"column":27}},"loc":{"start":{"line":89,"column":27},"end":{"line":91,"column":1}}},"8":{"name":"(anonymous_29)","decl":{"start":{"line":93,"column":0},"end":{"line":93,"column":13}},"loc":{"start":{"line":93,"column":0},"end":{"line":232,"column":null}}},"9":{"name":"KinveyHttpRequest","decl":{"start":{"line":97,"column":2},"end":{"line":97,"column":14}},"loc":{"start":{"line":97,"column":45},"end":{"line":106,"column":3}}},"10":{"name":"(anonymous_31)","decl":{"start":{"line":95,"column":39},"end":{"line":95,"column":68}},"loc":{"start":{"line":95,"column":39},"end":{"line":95,"column":73}}},"11":{"name":"(anonymous_34)","decl":{"start":{"line":108,"column":2},"end":{"line":108,"column":19}},"loc":{"start":{"line":108,"column":34},"end":{"line":115,"column":3}}},"12":{"name":"(anonymous_35)","decl":{"start":{"line":117,"column":2},"end":{"line":117,"column":7}},"loc":{"start":{"line":117,"column":22},"end":{"line":126,"column":3}}},"13":{"name":"(anonymous_36)","decl":{"start":{"line":128,"column":2},"end":{"line":128,"column":24}},"loc":{"start":{"line":128,"column":40},"end":{"line":144,"column":3}}},"14":{"name":"(anonymous_37)","decl":{"start":{"line":146,"column":2},"end":{"line":146,"column":8}},"loc":{"start":{"line":146,"column":30},"end":{"line":231,"column":null}}},"15":{"name":"(anonymous_40)","decl":{"start":{"line":161,"column":35},"end":{"line":161,"column":70}},"loc":{"start":{"line":161,"column":35},"end":{"line":161,"column":74}}},"16":{"name":"(anonymous_41)","decl":{"start":{"line":174,"column":20},"end":{"line":174,"column":null}},"loc":{"start":{"line":174,"column":20},"end":{"line":177,"column":null}}}},"branchMap":{"0":{"loc":{"start":{"line":16,"column":12},"end":{"line":16,"column":29}},"type":"binary-expr","locations":[{"start":{"line":16,"column":12},"end":{"line":16,"column":29}},{"start":{"line":16,"column":12},"end":{"line":16,"column":null}}]},"1":{"loc":{"start":{"line":43,"column":4},"end":{"line":53,"column":null}},"type":"if","locations":[{"start":{"line":43,"column":4},"end":{"line":53,"column":null}},{"start":{"line":43,"column":4},"end":{"line":53,"column":null}}]},"2":{"loc":{"start":{"line":46,"column":6},"end":{"line":48,"column":null}},"type":"if","locations":[{"start":{"line":46,"column":6},"end":{"line":48,"column":null}},{"start":{"line":46,"column":6},"end":{"line":48,"column":null}}]},"3":{"loc":{"start":{"line":67,"column":24},"end":{"line":67,"column":null}},"type":"switch","locations":[{"start":{"line":67,"column":24},"end":{"line":67,"column":null}}]},"4":{"loc":{"start":{"line":98,"column":4},"end":{"line":98,"column":17}},"type":"binary-expr","locations":[{"start":{"line":98,"column":4},"end":{"line":98,"column":17}},{"start":{"line":98,"column":17},"end":{"line":98,"column":null}}]},"5":{"loc":{"start":{"line":99,"column":4},"end":{"line":105,"column":null}},"type":"if","locations":[{"start":{"line":99,"column":4},"end":{"line":105,"column":null}},{"start":{"line":99,"column":4},"end":{"line":105,"column":null}}]},"6":{"loc":{"start":{"line":109,"column":4},"end":{"line":113,"column":null}},"type":"if","locations":[{"start":{"line":109,"column":4},"end":{"line":113,"column":null}},{"start":{"line":109,"column":4},"end":{"line":113,"column":null}}]},"7":{"loc":{"start":{"line":118,"column":4},"end":{"line":124,"column":null}},"type":"if","locations":[{"start":{"line":118,"column":4},"end":{"line":124,"column":null}},{"start":{"line":118,"column":4},"end":{"line":124,"column":null}}]},"8":{"loc":{"start":{"line":131,"column":4},"end":{"line":141,"column":null}},"type":"if","locations":[{"start":{"line":131,"column":4},"end":{"line":141,"column":null}},{"start":{"line":131,"column":4},"end":{"line":141,"column":null}}]},"9":{"loc":{"start":{"line":134,"column":6},"end":{"line":136,"column":null}},"type":"if","locations":[{"start":{"line":134,"column":6},"end":{"line":136,"column":null}},{"start":{"line":134,"column":6},"end":{"line":136,"column":null}}]},"10":{"loc":{"start":{"line":146,"column":16},"end":{"line":146,"column":null}},"type":"if","locations":[{"start":{"line":146,"column":16},"end":{"line":146,"column":null}},{"start":{"line":146,"column":16},"end":{"line":146,"column":null}}]},"11":{"loc":{"start":{"line":219,"column":31},"end":{"line":219,"column":null}},"type":"switch","locations":[{"start":{"line":219,"column":31},"end":{"line":219,"column":null}},{"start":{"line":229,"column":6},"end":{"line":229,"column":18}}]},"12":{"loc":{"start":{"line":153,"column":6},"end":{"line":155,"column":null}},"type":"if","locations":[{"start":{"line":153,"column":6},"end":{"line":155,"column":null}},{"start":{"line":153,"column":6},"end":{"line":155,"column":null}}]},"13":{"loc":{"start":{"line":159,"column":10},"end":{"line":159,"column":17}},"type":"if","locations":[{"start":{"line":159,"column":10},"end":{"line":159,"column":17}},{"start":{"line":159,"column":10},"end":{"line":159,"column":17}}]},"14":{"loc":{"start":{"line":159,"column":10},"end":{"line":159,"column":17}},"type":"binary-expr","locations":[{"start":{"line":159,"column":10},"end":{"line":159,"column":17}},{"start":{"line":159,"column":21},"end":{"line":159,"column":61}}]},"15":{"loc":{"start":{"line":160,"column":8},"end":{"line":162,"column":null}},"type":"if","locations":[{"start":{"line":160,"column":8},"end":{"line":162,"column":null}},{"start":{"line":160,"column":8},"end":{"line":162,"column":null}}]},"16":{"loc":{"start":{"line":166,"column":12},"end":{"line":166,"column":22}},"type":"if","locations":[{"start":{"line":166,"column":12},"end":{"line":166,"column":22}},{"start":{"line":166,"column":12},"end":{"line":166,"column":22}}]},"17":{"loc":{"start":{"line":166,"column":12},"end":{"line":166,"column":22}},"type":"binary-expr","locations":[{"start":{"line":166,"column":12},"end":{"line":166,"column":22}},{"start":{"line":166,"column":26},"end":{"line":166,"column":50}}]}},"s":{"0":1,"1":1,"2":1,"3":1,"4":1,"5":1,"6":1,"7":1,"8":1,"9":1,"10":1,"11":1,"12":1,"13":1,"14":1,"15":1,"16":1,"17":1,"18":21,"19":21,"20":21,"21":21,"22":21,"23":21,"24":21,"25":21,"26":21,"27":1,"28":21,"29":1,"30":21,"31":21,"32":21,"33":1,"34":1,"35":1,"36":0,"37":0,"38":0,"39":1,"40":1,"41":21,"42":21,"43":21,"44":0,"45":0,"46":21,"47":21,"48":21,"49":21,"50":21,"51":21,"52":1,"53":21,"54":2,"55":19,"56":21,"57":1,"58":21,"59":2,"60":2,"61":19,"62":19,"63":21,"64":1,"65":21,"66":21,"67":0,"68":0,"69":0,"70":0,"71":21,"72":21,"73":1,"74":42,"75":21,"76":21,"77":21,"78":21,"79":21,"80":21,"81":21,"82":0,"83":21,"84":0,"85":0,"86":0,"87":0,"88":0,"89":0,"90":0,"91":0,"92":0,"93":0,"94":0,"95":0,"96":0,"97":0,"98":0,"99":0,"100":0,"101":0,"102":0,"103":0,"104":0,"105":0,"106":0,"107":0,"108":0,"109":0,"110":0,"111":1,"112":1},"f":{"0":1,"1":1,"2":21,"3":21,"4":21,"5":0,"6":0,"7":0,"8":1,"9":21,"10":0,"11":21,"12":21,"13":21,"14":21,"15":0,"16":0},"b":{"0":[1,1],"1":[21,0],"2":[21,0],"3":[21],"4":[21,21],"5":[21,0],"6":[2,19],"7":[2,19],"8":[0,21],"9":[0,0],"10":[21,0],"11":[0,0],"12":[0,21],"13":[0,0],"14":[0,0],"15":[0,0],"16":[0,0],"17":[0,0]}},"/Users/thomas/Development/Kinvey/SDKs/JavaScript/packages/js-sdk/src/http/response.ts":{"path":"/Users/thomas/Development/Kinvey/SDKs/JavaScript/packages/js-sdk/src/http/response.ts","statementMap":{"0":{"start":{"line":1,"column":0},"end":{"line":1,"column":49}},"1":{"start":{"line":2,"column":0},"end":{"line":2,"column":null}},"2":{"start":{"line":6,"column":0},"end":{"line":6,"column":59}},"3":{"start":{"line":7,"column":0},"end":{"line":7,"column":32}},"4":{"start":{"line":10,"column":0},"end":{"line":10,"column":null}},"5":{"start":{"line":11,"column":2},"end":{"line":11,"column":null}},"6":{"start":{"line":12,"column":2},"end":{"line":12,"column":null}},"7":{"start":{"line":13,"column":2},"end":{"line":13,"column":null}},"8":{"start":{"line":14,"column":2},"end":{"line":14,"column":null}},"9":{"start":{"line":15,"column":2},"end":{"line":15,"column":null}},"10":{"start":{"line":16,"column":2},"end":{"line":16,"column":null}},"11":{"start":{"line":17,"column":2},"end":{"line":17,"column":null}},"12":{"start":{"line":18,"column":2},"end":{"line":18,"column":null}},"13":{"start":{"line":19,"column":2},"end":{"line":19,"column":null}},"14":{"start":{"line":20,"column":2},"end":{"line":20,"column":null}},"15":{"start":{"line":21,"column":2},"end":{"line":21,"column":null}},"16":{"start":{"line":22,"column":2},"end":{"line":22,"column":null}},"17":{"start":{"line":35,"column":0},"end":{"line":35,"column":13}},"18":{"start":{"line":37,"column":9},"end":{"line":37,"column":50}},"19":{"start":{"line":41,"column":4},"end":{"line":45,"column":null}},"20":{"start":{"line":42,"column":6},"end":{"line":42,"column":42}},"21":{"start":{"line":43,"column":6},"end":{"line":43,"column":53}},"22":{"start":{"line":44,"column":6},"end":{"line":44,"column":63}},"23":{"start":{"line":48,"column":2},"end":{"line":55,"column":null}},"24":{"start":{"line":49,"column":4},"end":{"line":54,"column":62}},"25":{"start":{"line":57,"column":2},"end":{"line":63,"column":null}},"26":{"start":{"line":58,"column":4},"end":{"line":62,"column":7}},"27":{"start":{"line":64,"column":0},"end":{"line":64,"column":null}},"28":{"start":{"line":35,"column":13},"end":{"line":35,"column":25}},"29":{"start":{"line":66,"column":0},"end":{"line":66,"column":null}},"30":{"start":{"line":66,"column":40},"end":{"line":66,"column":52}},"31":{"start":{"line":70,"column":4},"end":{"line":70,"column":null}},"32":{"start":{"line":67,"column":9},"end":{"line":67,"column":62}},"33":{"start":{"line":71,"column":4},"end":{"line":73,"column":null}},"34":{"start":{"line":72,"column":6},"end":{"line":72,"column":59}},"35":{"start":{"line":76,"column":2},"end":{"line":94,"column":null}},"36":{"start":{"line":77,"column":4},"end":{"line":91,"column":null}},"37":{"start":{"line":78,"column":6},"end":{"line":88,"column":null}},"38":{"start":{"line":79,"column":24},"end":{"line":79,"column":66}},"39":{"start":{"line":80,"column":21},"end":{"line":80,"column":54}},"40":{"start":{"line":81,"column":16},"end":{"line":81,"column":21}},"41":{"start":{"line":83,"column":8},"end":{"line":85,"column":null}},"42":{"start":{"line":84,"column":10},"end":{"line":84,"column":61}},"43":{"start":{"line":87,"column":8},"end":{"line":87,"column":47}},"44":{"start":{"line":90,"column":6},"end":{"line":90,"column":31}},"45":{"start":{"line":93,"column":4},"end":{"line":93,"column":16}},"46":{"start":{"line":95,"column":0},"end":{"line":95,"column":null}},"47":{"start":{"line":66,"column":13},"end":{"line":66,"column":31}}},"fnMap":{"0":{"name":"(anonymous_7)","decl":{"start":{"line":10,"column":0},"end":{"line":10,"column":12}},"loc":{"start":{"line":10,"column":26},"end":{"line":23,"column":1}}},"1":{"name":"(anonymous_8)","decl":{"start":{"line":35,"column":0},"end":{"line":35,"column":13}},"loc":{"start":{"line":35,"column":0},"end":{"line":64,"column":null}}},"2":{"name":"HttpResponse","decl":{"start":{"line":40,"column":2},"end":{"line":40,"column":14}},"loc":{"start":{"line":40,"column":41},"end":{"line":46,"column":3}}},"3":{"name":"(anonymous_10)","decl":{"start":{"line":48,"column":2},"end":{"line":48,"column":11}},"loc":{"start":{"line":48,"column":2},"end":{"line":55,"column":3}}},"4":{"name":"(anonymous_11)","decl":{"start":{"line":57,"column":2},"end":{"line":57,"column":15}},"loc":{"start":{"line":57,"column":2},"end":{"line":63,"column":3}}},"5":{"name":"(anonymous_12)","decl":{"start":{"line":66,"column":0},"end":{"line":66,"column":13}},"loc":{"start":{"line":66,"column":0},"end":{"line":95,"column":null}}},"6":{"name":"KinveyHttpResponse","decl":{"start":{"line":69,"column":2},"end":{"line":69,"column":14}},"loc":{"start":{"line":69,"column":41},"end":{"line":74,"column":3}}},"7":{"name":"(anonymous_14)","decl":{"start":{"line":76,"column":2},"end":{"line":76,"column":6}},"loc":{"start":{"line":76,"column":2},"end":{"line":94,"column":3}}}},"branchMap":{"0":{"loc":{"start":{"line":10,"column":12},"end":{"line":10,"column":26}},"type":"binary-expr","locations":[{"start":{"line":10,"column":12},"end":{"line":10,"column":26}},{"start":{"line":10,"column":12},"end":{"line":10,"column":null}}]},"1":{"loc":{"start":{"line":41,"column":4},"end":{"line":45,"column":null}},"type":"if","locations":[{"start":{"line":41,"column":4},"end":{"line":45,"column":null}},{"start":{"line":41,"column":4},"end":{"line":45,"column":null}}]},"2":{"loc":{"start":{"line":49,"column":12},"end":{"line":49,"column":34}},"type":"binary-expr","locations":[{"start":{"line":49,"column":12},"end":{"line":49,"column":34}},{"start":{"line":49,"column":38},"end":{"line":49,"column":59}},{"start":{"line":50,"column":9},"end":{"line":50,"column":60}},{"start":{"line":51,"column":9},"end":{"line":51,"column":49}},{"start":{"line":52,"column":9},"end":{"line":52,"column":55}},{"start":{"line":53,"column":9},"end":{"line":53,"column":61}},{"start":{"line":54,"column":9},"end":{"line":54,"column":61}}]},"3":{"loc":{"start":{"line":70,"column":4},"end":{"line":70,"column":17}},"type":"binary-expr","locations":[{"start":{"line":70,"column":4},"end":{"line":70,"column":17}},{"start":{"line":70,"column":17},"end":{"line":70,"column":null}}]},"4":{"loc":{"start":{"line":71,"column":4},"end":{"line":73,"column":null}},"type":"if","locations":[{"start":{"line":71,"column":4},"end":{"line":73,"column":null}},{"start":{"line":71,"column":4},"end":{"line":73,"column":null}}]},"5":{"loc":{"start":{"line":77,"column":4},"end":{"line":91,"column":null}},"type":"if","locations":[{"start":{"line":77,"column":4},"end":{"line":91,"column":null}},{"start":{"line":77,"column":4},"end":{"line":91,"column":null}}]},"6":{"loc":{"start":{"line":78,"column":6},"end":{"line":88,"column":null}},"type":"if","locations":[{"start":{"line":78,"column":6},"end":{"line":88,"column":null}},{"start":{"line":78,"column":6},"end":{"line":88,"column":null}}]},"7":{"loc":{"start":{"line":79,"column":24},"end":{"line":79,"column":41}},"type":"binary-expr","locations":[{"start":{"line":79,"column":24},"end":{"line":79,"column":41}},{"start":{"line":79,"column":45},"end":{"line":79,"column":66}}]},"8":{"loc":{"start":{"line":80,"column":21},"end":{"line":80,"column":35}},"type":"binary-expr","locations":[{"start":{"line":80,"column":21},"end":{"line":80,"column":35}},{"start":{"line":80,"column":39},"end":{"line":80,"column":54}}]},"9":{"loc":{"start":{"line":83,"column":8},"end":{"line":85,"column":null}},"type":"if","locations":[{"start":{"line":83,"column":8},"end":{"line":85,"column":null}},{"start":{"line":83,"column":8},"end":{"line":85,"column":null}}]}},"s":{"0":1,"1":1,"2":1,"3":1,"4":1,"5":1,"6":1,"7":1,"8":1,"9":1,"10":1,"11":1,"12":1,"13":1,"14":1,"15":1,"16":1,"17":1,"18":42,"19":42,"20":42,"21":42,"22":42,"23":1,"24":21,"25":1,"26":21,"27":1,"28":1,"29":1,"30":1,"31":21,"32":21,"33":21,"34":21,"35":1,"36":0,"37":0,"38":0,"39":0,"40":0,"41":0,"42":0,"43":0,"44":0,"45":0,"46":1,"47":1},"f":{"0":1,"1":1,"2":42,"3":21,"4":21,"5":1,"6":21,"7":0},"b":{"0":[1,1],"1":[42,0],"2":[21,21,0,0,0,0,0],"3":[21,21],"4":[21,0],"5":[0,0],"6":[0,0],"7":[0,0],"8":[0,0],"9":[0,0]}},"/Users/thomas/Development/Kinvey/SDKs/JavaScript/packages/js-sdk/src/http/parse.ts":{"path":"/Users/thomas/Development/Kinvey/SDKs/JavaScript/packages/js-sdk/src/http/parse.ts","statementMap":{"0":{"start":{"line":1,"column":0},"end":{"line":1,"column":39}},"1":{"start":{"line":4,"column":2},"end":{"line":10,"column":null}},"2":{"start":{"line":5,"column":4},"end":{"line":9,"column":null}},"3":{"start":{"line":6,"column":6},"end":{"line":6,"column":30}},"4":{"start":{"line":11,"column":2},"end":{"line":11,"column":14}},"5":{"start":{"line":15,"column":2},"end":{"line":17,"column":null}},"6":{"start":{"line":16,"column":4},"end":{"line":16,"column":27}},"7":{"start":{"line":18,"column":2},"end":{"line":18,"column":14}},"8":{"start":{"line":14,"column":0},"end":{"line":14,"column":16}}},"fnMap":{"0":{"name":"parseJSON","decl":{"start":{"line":3,"column":9},"end":{"line":3,"column":18}},"loc":{"start":{"line":3,"column":29},"end":{"line":12,"column":1}}},"1":{"name":"parse","decl":{"start":{"line":14,"column":16},"end":{"line":14,"column":21}},"loc":{"start":{"line":14,"column":53},"end":{"line":19,"column":1}}}},"branchMap":{"0":{"loc":{"start":{"line":4,"column":2},"end":{"line":10,"column":null}},"type":"if","locations":[{"start":{"line":4,"column":2},"end":{"line":10,"column":null}},{"start":{"line":4,"column":2},"end":{"line":10,"column":null}}]},"1":{"loc":{"start":{"line":15,"column":2},"end":{"line":17,"column":null}},"type":"if","locations":[{"start":{"line":15,"column":2},"end":{"line":17,"column":null}},{"start":{"line":15,"column":2},"end":{"line":17,"column":null}}]},"2":{"loc":{"start":{"line":15,"column":6},"end":{"line":15,"column":27}},"type":"binary-expr","locations":[{"start":{"line":15,"column":6},"end":{"line":15,"column":27}},{"start":{"line":15,"column":31},"end":{"line":15,"column":77}}]}},"s":{"0":1,"1":22,"2":0,"3":0,"4":22,"5":42,"6":22,"7":20,"8":1},"f":{"0":22,"1":42},"b":{"0":[0,22],"1":[22,20],"2":[42,22]}},"/Users/thomas/Development/Kinvey/SDKs/JavaScript/packages/js-sdk/src/http/serialize.ts":{"path":"/Users/thomas/Development/Kinvey/SDKs/JavaScript/packages/js-sdk/src/http/serialize.ts","statementMap":{"0":{"start":{"line":1,"column":0},"end":{"line":1,"column":39}},"1":{"start":{"line":3,"column":26},"end":{"line":3,"column":68}},"2":{"start":{"line":4,"column":2},"end":{"line":18,"column":null}},"3":{"start":{"line":5,"column":4},"end":{"line":13,"column":null}},"4":{"start":{"line":6,"column":18},"end":{"line":11,"column":14}},"5":{"start":{"line":9,"column":10},"end":{"line":9,"column":84}},"6":{"start":{"line":10,"column":10},"end":{"line":10,"column":23}},"7":{"start":{"line":12,"column":6},"end":{"line":12,"column":27}},"8":{"start":{"line":15,"column":4},"end":{"line":17,"column":null}},"9":{"start":{"line":16,"column":6},"end":{"line":16,"column":34}},"10":{"start":{"line":20,"column":2},"end":{"line":20,"column":14}},"11":{"start":{"line":3,"column":0},"end":{"line":3,"column":16}}},"fnMap":{"0":{"name":"serialize","decl":{"start":{"line":3,"column":16},"end":{"line":3,"column":25}},"loc":{"start":{"line":3,"column":78},"end":{"line":21,"column":1}}},"1":{"name":"
[...]
1":{"start":{"line":28,"column":4},"end":{"line":28,"column":61}},"12":{"start":{"line":31,"column":2},"end":{"line":33,"column":null}},"13":{"start":{"line":32,"column":4},"end":{"line":32,"column":61}},"14":{"start":{"line":35,"column":2},"end":{"line":37,"column":null}},"15":{"start":{"line":36,"column":4},"end":{"line":36,"column":61}},"16":{"start":{"line":39,"column":8},"end":{"line":75,"column":null}},"17":{"start":{"line":40,"column":10},"end":{"line":40,"column":67}},"18":{"start":{"line":41,"column":8},"end":{"line":41,"column":44}},"19":{"start":{"line":42,"column":8},"end":{"line":42,"column":33}},"20":{"start":{"line":44,"column":8},"end":{"line":44,"column":18}},"21":{"start":{"line":45,"column":12},"end":{"line":45,"column":70}},"22":{"start":{"line":45,"column":60},"end":{"line":45,"column":69}},"23":{"start":{"line":46,"column":6},"end":{"line":48,"column":null}},"24":{"start":{"line":47,"column":8},"end":{"line":47,"column":136}},"25":{"start":{"line":51,"column":6},"end":{"line":51,"column":113}},"26":{"start":{"line":51,"column":102},"end":{"line":51,"column":110}},"27":{"start":{"line":54,"column":6},"end":{"line":61,"column":null}},"28":{"start":{"line":55,"column":8},"end":{"line":60,"column":11}},"29":{"start":{"line":56,"column":10},"end":{"line":58,"column":null}},"30":{"start":{"line":57,"column":12},"end":{"line":57,"column":25}},"31":{"start":{"line":59,"column":10},"end":{"line":59,"column":22}},"32":{"start":{"line":64,"column":17},"end":{"line":71,"column":10}},"33":{"start":{"line":65,"column":8},"end":{"line":70,"column":10}},"34":{"start":{"line":64,"column":6},"end":{"line":71,"column":10}},"35":{"start":{"line":74,"column":4},"end":{"line":74,"column":20}},"36":{"start":{"line":77,"column":8},"end":{"line":184,"column":null}},"37":{"start":{"line":77,"column":13},"end":{"line":77,"column":35}},"38":{"start":{"line":78,"column":10},"end":{"line":78,"column":62}},"39":{"start":{"line":79,"column":10},"end":{"line":79,"column":73}},"40":{"start":{"line":80,"column":10},"end":{"line":80,"column":67}},"41":{"start":{"line":81,"column":10},"end":{"line":81,"column":26}},"42":{"start":{"line":83,"column":4},"end":{"line":181,"column":null}},"43":{"start":{"line":84,"column":10},"end":{"line":84,"column":16}},"44":{"start":{"line":86,"column":12},"end":{"line":178,"column":8}},"45":{"start":{"line":86,"column":31},"end":{"line":86,"column":null}},"46":{"start":{"line":87,"column":14},"end":{"line":87,"column":51}},"47":{"start":{"line":88,"column":8},"end":{"line":88,"column":23}},"48":{"start":{"line":90,"column":24},"end":{"line":174,"column":null}},"49":{"start":{"line":90,"column":66},"end":{"line":174,"column":10}},"50":{"start":{"line":91,"column":18},"end":{"line":91,"column":38}},"51":{"start":{"line":92,"column":18},"end":{"line":92,"column":32}},"52":{"start":{"line":94,"column":14},"end":{"line":94,"column":23}},"53":{"start":{"line":98,"column":16},"end":{"line":98,"column":59}},"54":{"start":{"line":101,"column":16},"end":{"line":103,"column":null}},"55":{"start":{"line":102,"column":18},"end":{"line":102,"column":30}},"56":{"start":{"line":107,"column":14},"end":{"line":107,"column":46}},"57":{"start":{"line":110,"column":14},"end":{"line":113,"column":16}},"58":{"start":{"line":116,"column":14},"end":{"line":120,"column":16}},"59":{"start":{"line":122,"column":21},"end":{"line":122,"column":30}},"60":{"start":{"line":123,"column":16},"end":{"line":123,"column":30}},"61":{"start":{"line":124,"column":16},"end":{"line":124,"column":30}},"62":{"start":{"line":128,"column":18},"end":{"line":128,"column":27}},"63":{"start":{"line":129,"column":16},"end":{"line":133,"column":null}},"64":{"start":{"line":130,"column":18},"end":{"line":130,"column":31}},"65":{"start":{"line":131,"column":18},"end":{"line":131,"column":33}},"66":{"start":{"line":132,"column":18},"end":{"line":132,"column":40}},"67":{"start":{"line":135,"column":33},"end":{"line":135,"column":null}},"68":{"start":{"line":135,"column":22},"end":{"line":135,"column":null}},"69":{"start":{"line":136,"column":16},"end":{"line":136,"column":41}},"70":{"start":{"line":138,"column":33},"end":{"line":138,"column":null}},"71":{"start":{"line":138,"column":22},"end":{"line":138,"column":null}},"72":{"start":{"line":139,"column":16},"end":{"line":139,"column":41}},"73":{"start":{"line":143,"column":14},"end":{"line":143,"column":46}},"74":{"start":{"line":146,"column":14},"end":{"line":146,"column":41}},"75":{"start":{"line":149,"column":18},"end":{"line":149,"column":23}},"76":{"start":{"line":150,"column":16},"end":{"line":150,"column":48}},"77":{"start":{"line":154,"column":14},"end":{"line":157,"column":16}},"78":{"start":{"line":160,"column":14},"end":{"line":164,"column":16}},"79":{"start":{"line":169,"column":10},"end":{"line":173,"column":12}},"80":{"start":{"line":90,"column":14},"end":{"line":174,"column":null}},"81":{"start":{"line":177,"column":8},"end":{"line":177,"column":54}},"82":{"start":{"line":180,"column":6},"end":{"line":180,"column":27}},"83":{"start":{"line":183,"column":4},"end":{"line":183,"column":14}},"84":{"start":{"line":185,"column":0},"end":{"line":185,"column":null}},"85":{"start":{"line":13,"column":13},"end":{"line":13,"column":17}}},"fnMap":{"0":{"name":"(anonymous_12)","decl":{"start":{"line":13,"column":0},"end":{"line":13,"column":13}},"loc":{"start":{"line":13,"column":0},"end":{"line":185,"column":null}}},"1":{"name":"Sync","decl":{"start":{"line":17,"column":2},"end":{"line":17,"column":14}},"loc":{"start":{"line":17,"column":50},"end":{"line":20,"column":3}}},"2":{"name":"(anonymous_14)","decl":{"start":{"line":22,"column":2},"end":{"line":22,"column":6}},"loc":{"start":{"line":22,"column":2},"end":{"line":25,"column":3}}},"3":{"name":"(anonymous_15)","decl":{"start":{"line":27,"column":2},"end":{"line":27,"column":24}},"loc":{"start":{"line":27,"column":36},"end":{"line":29,"column":3}}},"4":{"name":"(anonymous_16)","decl":{"start":{"line":31,"column":2},"end":{"line":31,"column":24}},"loc":{"start":{"line":31,"column":36},"end":{"line":33,"column":3}}},"5":{"name":"(anonymous_17)","decl":{"start":{"line":35,"column":2},"end":{"line":35,"column":24}},"loc":{"start":{"line":35,"column":36},"end":{"line":37,"column":3}}},"6":{"name":"(anonymous_18)","decl":{"start":{"line":39,"column":2},"end":{"line":39,"column":8}},"loc":{"start":{"line":39,"column":62},"end":{"line":75,"column":null}}},"7":{"name":"(anonymous_21)","decl":{"start":{"line":45,"column":42},"end":{"line":45,"column":43}},"loc":{"start":{"line":45,"column":46},"end":{"line":45,"column":61}}},"8":{"name":"(anonymous_22)","decl":{"start":{"line":51,"column":85},"end":{"line":51,"column":86}},"loc":{"start":{"line":51,"column":89},"end":{"line":51,"column":105}}},"9":{"name":"(anonymous_23)","decl":{"start":{"line":55,"column":39},"end":{"line":55,"column":40}},"loc":{"start":{"line":55,"column":43},"end":{"line":60,"column":9}}},"10":{"name":"(anonymous_24)","decl":{"start":{"line":64,"column":53},"end":{"line":64,"column":54}},"loc":{"start":{"line":64,"column":57},"end":{"line":71,"column":7}}},"11":{"name":"(anonymous_25)","decl":{"start":{"line":77,"column":2},"end":{"line":77,"column":8}},"loc":{"start":{"line":77,"column":59},"end":{"line":184,"column":null}}},"12":{"name":"(anonymous_28)","decl":{"start":{"line":86,"column":24},"end":{"line":86,"column":31}},"loc":{"start":{"line":86,"column":65},"end":{"line":178,"column":8}}},"13":{"name":"(anonymous_31)","decl":{"start":{"line":90,"column":52},"end":{"line":90,"column":59}},"loc":{"start":{"line":90,"column":66},"end":{"line":174,"column":10}}},"14":{"name":"(anonymous_32)","decl":{"start":{"line":90,"column":66},"end":{"line":90,"column":null}},"loc":{"start":{"line":90,"column":66},"end":{"line":174,"column":10}}}},"branchMap":{"0":{"loc":{"start":{"line":74,"column":4},"end":{"line":74,"column":20}},"type":"switch","locations":[{"start":{"line":74,"column":4},"end":{"line":74,"column":20}}]},"1":{"loc":{"start":{"line":44,"column":8},"end":{"line":44,"column":18}},"type":"if","locations":[{"start":{"line":44,"column":8},"end":{"line":44,"column":18}},{"start":{"line":44,"column":8},"end":{"line":44,"column":18}}]},"2":{"loc":{"start":{"line":46,"column":6},"end":{"line":48,"column":null}},"type":"if","locations":[{"start":{"line":46,"column":6},"end":{"line":48,"column":null}},{"start":{"line":46,"column":6},"end":{"line":48,"column":null}}]},"3":{"loc":{"start":{"line":54,"column":6},"end":{"line":61,"column":null}},"type":"if","locations":[{"start":{"line":54,"column":6},"end":{"line":61,"column":null}},{"start":{"line":54,"column":6},"end":{"line":61,"column":null}}]},"4":{"loc":{"start":{"line":56,"column":10},"end":{"line":58,"column":null}},"type":"if","locations":[{"start":{"line":56,"column":10},"end":{"line":58,"column":null}},{"start":{"line":56,"column":10},"end":{"line":58,"column":null}}]},"5":{"loc":{"start":{"line":56,"column":14},"end":{"line":56,"column":22}},"type":"binary-expr","locations":[{"start":{"line":56,"column":14},"end":{"line":56,"column":22}},{"start":{"line":56,"column":26},"end":{"line":56,"column":49}}]},"6":{"loc":{"start":{"line":77,"column":13},"end":{"line":77,"column":35}},"type":"if","locations":[{"start":{"line":77,"column":13},"end":{"line":77,"column":35}},{"start":{"line":77,"column":13},"end":{"line":77,"column":35}}]},"7":{"loc":{"start":{"line":83,"column":4},"end":{"line":181,"column":null}},"type":"if","locations":[{"start":{"line":83,"column":4},"end":{"line":181,"column":null}},{"start":{"line":83,"column":4},"end":{"line":181,"column":null}}]},"8":{"loc":{"start":{"line":86,"column":31},"end":{"line":86,"column":null}},"type":"if","locations":[{"start":{"line":86,"column":31},"end":{"line":86,"column":null}},{"start":{"line":86,"column":31},"end":{"line":86,"column":null}}]},"9":{"loc":{"start":{"line":138,"column":33},"end":{"line":138,"column":null}},"type":"switch","locations":[{"start":{"line":138,"column":33},"end":{"line":138,"column":null}}]},"10":{"loc":{"start":{"line":94,"column":14},"end":{"line":94,"column":23}},"type":"if","locations":[{"start":{"line":94,"column":14},"end":{"line":94,"column":23}},{"start":{"line":94,"column":14},"end":{"line":94,"column":23}}]},"11":{"loc":{"start":{"line":101,"column":16},"end":{"line":103,"column":null}},"type":"if","locations":[{"start":{"line":101,"column":16},"end":{"line":103,"column":null}},{"start":{"line":101,"column":16},"end":{"line":103,"column":null}}]},"12":{"loc":{"start":{"line":122,"column":21},"end":{"line":122,"column":30}},"type":"if","locations":[{"start":{"line":122,"column":21},"end":{"line":122,"column":30}},{"start":{"line":122,"column":21},"end":{"line":122,"column":30}}]},"13":{"loc":{"start":{"line":122,"column":21},"end":{"line":122,"column":55}},"type":"binary-expr","locations":[{"start":{"line":122,"column":21},"end":{"line":122,"column":55}},{"start":{"line":122,"column":59},"end":{"line":122,"column":79}}]},"14":{"loc":{"start":{"line":128,"column":18},"end":{"line":128,"column":27}},"type":"if","locations":[{"start":{"line":128,"column":18},"end":{"line":128,"column":27}},{"start":{"line":128,"column":18},"end":{"line":128,"column":27}}]},"15":{"loc":{"start":{"line":129,"column":16},"end":{"line":133,"column":null}},"type":"if","locations":[{"start":{"line":129,"column":16},"end":{"line":133,"column":null}},{"start":{"line":129,"column":16},"end":{"line":133,"column":null}}]},"16":{"loc":{"start":{"line":129,"column":20},"end":{"line":129,"column":28}},"type":"binary-expr","locations":[{"start":{"line":129,"column":20},"end":{"line":129,"column":28}},{"start":{"line":129,"column":32},"end":{"line":129,"column":55}}]},"17":{"loc":{"start":{"line":149,"column":18},"end":{"line":149,"column":23}},"type":"if","locations":[{"start":{"line":149,"column":18},"end":{"line":149,"column":23}},{"start":{"line":149,"column":18},"end":{"line":149,"column":23}}]}},"s":{"0":1,"1":1,"2":1,"3":1,"4":1,"5":0,"6":0,"7":1,"8":0,"9":0,"10":1,"11":0,"12":1,"13":0,"14":1,"15":0,"16":1,"17":0,"18":0,"19":0,"20":0,"21":0,"22":0,"23":0,"24":0,"25":0,"26":0,"27":0,"28":0,"29":0,"30":0,"31":0,"32":0,"33":0,"34":0,"35":0,"36":1,"37":0,"38":0,"39":0,"40":0,"41":0,"42":0,"43":0,"44":0,"45":0,"46":0,"47":0,"48":0,"49":0,"50":0,"51":0,"52":0,"53":0,"54":0,"55":0,"56":0,"57":0,"58":0,"59":0,"60":0,"61":0,"62":0,"63":0,"64":0,"65":0,"66":0,"67":0,"68":0,"69":0,"70":0,"71":0,"72":0,"73":0,"74":0,"75":0,"76":0,"77":0,"78":0,"79":0,"80":0,"81":0,"82":0,"83":0,"84":1,"85":1},"f":{"0":1,"1":0,"2":0,"3":0,"4":0,"5":0,"6":0,"7":0,"8":0,"9":0,"10":0,"11":0,"12":0,"13":0,"14":0},"b":{"0":[0],"1":[0,0],"2":[0,0],"3":[0,0],"4":[0,0],"5":[0,0],"6":[0,0],"7":[0,0],"8":[0,0],"9":[0],"10":[0,0],"11":[0,0],"12":[0,0],"13":[0,0],"14":[0,0],"15":[0,0],"16":[0,0],"17":[0,0]}},"/Users/thomas/Development/Kinvey/SDKs/JavaScript/packages/js-sdk/src/endpoint.ts":{"path":"/Users/thomas/Development/Kinvey/SDKs/JavaScript/packages/js-sdk/src/endpoint.ts","statementMap":{"0":{"start":{"line":1,"column":0},"end":{"line":1,"column":39}},"1":{"start":{"line":2,"column":0},"end":{"line":2,"column":39}},"2":{"start":{"line":3,"column":0},"end":{"line":3,"column":null}},"3":{"start":{"line":12,"column":2},"end":{"line":14,"column":null}},"4":{"start":{"line":13,"column":4},"end":{"line":13,"column":71}},"5":{"start":{"line":16,"column":8},"end":{"line":21,"column":5}},"6":{"start":{"line":22,"column":19},"end":{"line":22,"column":null}},"7":{"start":{"line":22,"column":8},"end":{"line":22,"column":null}},"8":{"start":{"line":23,"column":2},"end":{"line":23,"column":23}},"9":{"start":{"line":11,"column":0},"end":{"line":11,"column":22}}},"fnMap":{"0":{"name":"endpoint","decl":{"start":{"line":11,"column":22},"end":{"line":11,"column":30}},"loc":{"start":{"line":11,"column":63},"end":{"line":24,"column":null}}}},"branchMap":{"0":{"loc":{"start":{"line":12,"column":2},"end":{"line":14,"column":null}},"type":"if","locations":[{"start":{"line":12,"column":2},"end":{"line":14,"column":null}},{"start":{"line":12,"column":2},"end":{"line":14,"column":null}}]}},"s":{"0":1,"1":1,"2":1,"3":6,"4":2,"5":4,"6":4,"7":4,"8":4,"9":1},"f":{"0":6},"b":{"0":[2,4]}},"/Users/thomas/Development/Kinvey/SDKs/JavaScript/packages/js-sdk/src/user/index.ts":{"path":"/Users/thomas/Development/Kinvey/SDKs/JavaScript/packages/js-sdk/src/user/index.ts","statementMap":{"0":{"start":{"line":1,"column":0},"end":{"line":1,"column":32}},"1":{"start":{"line":2,"column":0},"end":{"line":2,"column":24}},"2":{"start":{"line":3,"column":0},"end":{"line":3,"column":23}}},"fnMap":{},"branchMap":{},"s":{"0":1,"1":1,"2":1},"f":{},"b":{}},"/Users/thomas/Development/Kinvey/SDKs/JavaScript/packages/js-sdk/src/user/getActiveUser.ts":{"path":"/Users/thomas/Development/Kinvey/SDKs/JavaScript/packages/js-sdk/src/user/getActiveUser.ts","statementMap":{"0":{"start":{"line":1,"column":0},"end":{"line":1,"column":40}},"1":{"start":{"line":2,"column":0},"end":{"line":2,"column":40}},"2":{"start":{"line":5,"column":18},"end":{"line":5,"column":30}},"3":{"start":{"line":6,"column":2},"end":{"line":8,"column":null}},"4":{"start":{"line":7,"column":4},"end":{"line":7,"column":37}},"5":{"start":{"line":9,"column":2},"end":{"line":9,"column":14}},"6":{"start":{"line":4,"column":0},"end":{"line":4,"column":16}}},"fnMap":{"0":{"name":"getActiveUser","decl":{"start":{"line":4,"column":16},"end":{"line":4,"column":29}},"loc":{"start":{"line":4,"column":29},"end":{"line":10,"column":1}}}},"branchMap":{"0":{"loc":{"start":{"line":6,"column":2},"end":{"line":8,"column":null}},"type":"if","locations":[{"start":{"line":6,"column":2},"end":{"line":8,"column":null}},{"start":{"line":6,"column":2},"end":{"line":8,"column":null}}]}},"s":{"0":1,"1":1,"2":2,"3":2,"4":1,"5":1,"6":1},"f":{"0":2},"b":{"0":[1,1]}},"/Users/thomas/Development/Kinvey/SDKs/JavaScript/packages/js-sdk/src/user/user.ts":{"path":"/Users/thomas/Development/Kinvey/SDKs/JavaScript/packages/js-sdk/src/user/user.ts","statementMap":{"0":{"start":{"line":11,"column":0},"end":{"line":11,"column":13}},"1":{"start":{"line":15,"column":4},"end":{"line":15,"column":21}},"2":{"start":{"line":17,"column":0},"end":{"line":17,"column":null}},"3":{"start":{"line":11,"column":13},"end":{"line":11,"column":17}}},"fnMap":{"0":{"name":"(anonymous_0)","decl":{"start":{"line":11,"column":0},"end":{"line":11,"column":13}},"loc":{"start":{"line":11,"column":0},"end":{"line":17,"column":null}}},"1":{"name":"User","decl":{"start":{"line":14,"column":2},"end":{"line":14,"column":14}},"loc":{"start":{"line":14,"column":21},"end":{"line":16,"column":3}}}},"branchMap":{},"s":{"0":1,"1":2,"2":1,"3":1},"f":{"0":1,"1":2},"b":{}},"/Users/thomas/Development/Kinvey/SDKs/JavaScript/packages/js-sdk/src/user/login.ts":{"path":"/Users/thomas/Development/Kinvey/SDKs/JavaScript/packages/js-sdk/src/user/login.ts","statementMap":{"0":{"start":{"line":1,"column":0},"end":{"line":1,"column":39}},"1":{"start":{"line":2,"column":0},"end":{"line":2,"column":37}},"2":{"start":{"line":3,"column":0},"end":{"line":3,"column":40}},"3":{"start":{"line":4,"column":0},"end":{"line":4,"column":null}},"4":{"start":{"line":11,"column":0},"end":{"line":11,"column":40}},"5":{"start":{"line":12,"column":0},"end":{"line":12,"column":48}},"6":{"start":{"line":13,"column":0},"end":{"line":13,"column":40}},"7":{"start":{"line":16,"column":8},"end":{"line":16,"column":37}},"8":{"start":{"line":18,"column":2},"end":{"line":20,"column":null}},"9":{"start":{"line":19,"column":4},"end":{"line":19,"column":108}},"10":{"start":{"line":22,"column":2},"end":{"line":24,"column":null}},"11":{"start":{"line":23,"column":4},"end":{"line":23,"column":138}},"12":{"start":{"line":26,"column":2},"end":{"line":28,"column":null}},"13":{"start":{"line":27,"column":4},"end":{"line":27,"column":117}},"14":{"start":{"line":30,"column":8},"end":{"line":35,"column":5}},"15":{"start":{"line":36,"column":19},"end":{"line":36,"column":null}},"16":{"start":{"line":36,"column":8},"end":{"line":36,"column":null}},"17":{"start":{"line":37,"column":8},"end":{"line":37,"column":32}},"18":{"start":{"line":40,"column":2},"end":{"line":40,"column":26}},"19":{"start":{"line":43,"column":2},"end":{"line":43,"column":22}},"20":{"start":{"line":45,"column":2},"end":{"line":45,"column":30}},"21":{"start":{"line":15,"column":0},"end":{"line":15,"column":22}}},"fnMap":{"0":{"name":"login","decl":{"start":{"line":15,"column":22},"end":{"line":15,"column":27}},"loc":{"start":{"line":15,"column":82},"end":{"line":46,"column":null}}}},"branchMap":{"0":{"loc":{"start":{"line":18,"column":2},"end":{"line":20,"column":null}},"type":"if","locations":[{"start":{"line":18,"column":2},"end":{"line":20,"column":null}},{"start":{"line":18,"column":2},"end":{"line":20,"column":null}}]},"1":{"loc":{"start":{"line":22,"column":2},"end":{"line":24,"column":null}},"type":"if","locations":[{"start":{"line":22,"column":2},"end":{"line":24,"column":null}},{"start":{"line":22,"column":2},"end":{"line":24,"column":null}}]},"2":{"loc":{"start":{"line":22,"column":6},"end":{"line":22,"column":25}},"type":"binary-expr","locations":[{"start":{"line":22,"column":6},"end":{"line":22,"column":25}},{"start":{"line":22,"column":28},"end":{"line":22,"column":47}}]},"3":{"loc":{"start":{"line":26,"column":2},"end":{"line":28,"column":null}},"type":"if","locations":[{"start":{"line":26,"column":2},"end":{"line":28,"column":null}},{"start":{"line":26,"column":2},"end":{"line":28,"column":null}}]},"4":{"loc":{"start":{"line":26,"column":6},"end":{"line":26,"column":23}},"type":"binary-expr","locations":[{"start":{"line":26,"column":6},"end":{"line":26,"column":23}},{"start":{"line":26,"column":27},"end":{"line":26,"column":44}}]}},"s":{"0":1,"1":1,"2":1,"3":1,"4":1,"5":1,"6":1,"7":1,"8":1,"9":0,"10":1,"11":0,"12":1,"13":0,"14":1,"15":1,"16":1,"17":1,"18":1,"19":1,"20":1,"21":1},"f":{"0":1},"b":{"0":[0,1],"1":[0,1],"2":[1,1],"3":[0,1],"4":[1,1]}}}